Log file open, 04/06/23 23:55:09
LogWindows: Failed to load 'aqProf.dll' (GetLastError=126)
LogWindows: File 'aqProf.dll' does not exist
LogWindows: Failed to load 'VtuneApi.dll' (GetLastError=126)
LogWindows: File 'VtuneApi.dll' does not exist
LogWindows: Failed to load 'VtuneApi32e.dll' (GetLastError=126)
LogWindows: File 'VtuneApi32e.dll' does not exist
LogConsoleResponse: Display: Failed to find resolution value strings in scalability ini. Falling back to default.
LogConsoleResponse: Display: Failed to find resolution value strings in scalability ini. Falling back to default.
LogInit: Display: Running engine for game: StudaysAlpha2104
LogPlatformFile: Not using cached read wrapper
LogTaskGraph: Started task graph with 5 named threads and 35 total threads with 3 sets of task threads.
LogStats: Stats thread started at 2.295106
LogICUInternationalization: ICU TimeZone Detection - Raw Offset: +3:00, Platform Override: ''
LogInit: Display: Loading text-based GConfig....
LogPluginManager: Mounting plugin MeshPainting
LogPluginManager: Mounting plugin Narrative
LogPluginManager: Mounting plugin XGEController
LogPluginManager: Mounting plugin Paper2D
LogPluginManager: Mounting plugin LiveLink
LogPluginManager: Mounting plugin AISupport
LogPluginManager: Mounting plugin EnvironmentQueryEditor
LogPluginManager: Mounting plugin LightPropagationVolume
LogPluginManager: Mounting plugin OodleNetwork
LogPluginManager: Mounting plugin OodleData
LogPluginManager: Mounting plugin CameraShakePreviewer
LogPluginManager: Mounting plugin GameplayCameras
LogPluginManager: Mounting plugin AssetManagerEditor
LogPluginManager: Mounting plugin AnimationSharing
LogPluginManager: Mounting plugin CryptoKeys
LogPluginManager: Mounting plugin CurveEditorTools
LogPluginManager: Mounting plugin FacialAnimation
LogPluginManager: Mounting plugin DataValidation
LogPluginManager: Mounting plugin EditorScriptingUtilities
LogPluginManager: Mounting plugin GameplayTagsEditor
LogPluginManager: Mounting plugin GeometryMode
LogPluginManager: Mounting plugin CLionSourceCodeAccess
LogPluginManager: Mounting plugin MacGraphicsSwitching
LogPluginManager: Mounting plugin MaterialAnalyzer
LogPluginManager: Mounting plugin CodeLiteSourceCodeAccess
LogPluginManager: Mounting plugin MobileLauncherProfileWizard
LogPluginManager: Mounting plugin GitSourceControl
LogPluginManager: Mounting plugin KDevelopSourceCodeAccess
LogPluginManager: Mounting plugin NullSourceCodeAccess
LogPluginManager: Mounting plugin PerforceSourceControl
LogPluginManager: Mounting plugin PixWinPlugin
LogPluginManager: Mounting plugin PlasticSourceControl
LogPluginManager: Mounting plugin PluginUtils
LogPluginManager: Mounting plugin PropertyAccessNode
LogPluginManager: Mounting plugin RiderSourceCodeAccess
LogPluginManager: Mounting plugin PluginBrowser
LogPluginManager: Mounting plugin SubversionSourceControl
LogPluginManager: Mounting plugin TextureFormatOodle
LogPluginManager: Mounting plugin SpeedTreeImporter
LogPluginManager: Mounting plugin UObjectPlugin
LogPluginManager: Mounting plugin VisualStudioCodeSourceCodeAccess
LogPluginManager: Mounting plugin VisualStudioSourceCodeAccess
LogPluginManager: Mounting plugin XCodeSourceCodeAccess
LogPluginManager: Mounting plugin DatasmithContent
LogPluginManager: Mounting plugin VariantManagerContent
LogPluginManager: Mounting plugin Niagara
LogPluginManager: Mounting plugin AlembicImporter
LogPluginManager: Mounting plugin AutomationUtils
LogPluginManager: Mounting plugin BackChannel
LogPluginManager: Mounting plugin ChaosCloth
LogPluginManager: Mounting plugin ChaosClothEditor
LogPluginManager: Mounting plugin ChaosEditor
LogPluginManager: Mounting plugin ChaosNiagara
LogPluginManager: Mounting plugin ChaosSolverPlugin
LogPluginManager: Mounting plugin CharacterAI
LogPluginManager: Mounting plugin GeometryCache
LogPluginManager: Mounting plugin GeometryCollectionPlugin
LogPluginManager: Mounting plugin GeometryProcessing
LogPluginManager: Mounting plugin MotoSynth
LogPluginManager: Mounting plugin OpenImageDenoise
LogPluginManager: Mounting plugin PlanarCut
LogPluginManager: Mounting plugin PlatformCrypto
LogPluginManager: Mounting plugin ProxyLODPlugin
LogPluginManager: Mounting plugin PythonScriptPlugin
LogPluginManager: Mounting plugin MagicLeap
LogPluginManager: Mounting plugin LuminPlatformFeatures
LogPluginManager: Mounting plugin SkeletalReduction
LogPluginManager: Mounting plugin MagicLeapLightEstimation
LogPluginManager: Mounting plugin MagicLeapMedia
LogPluginManager: Mounting plugin MagicLeapPassableWorld
LogPluginManager: Mounting plugin MLSDK
LogPluginManager: Mounting plugin AndroidMedia
LogPluginManager: Mounting plugin AvfMedia
LogPluginManager: Mounting plugin ImgMedia
LogPluginManager: Mounting plugin MediaCompositing
LogPluginManager: Mounting plugin MediaPlayerEditor
LogPluginManager: Mounting plugin WebMMedia
LogPluginManager: Mounting plugin WmfMedia
LogPluginManager: Mounting plugin UdpMessaging
LogPluginManager: Mounting plugin TcpMessaging
LogPluginManager: Mounting plugin ActorSequence
LogPluginManager: Mounting plugin LevelSequenceEditor
LogPluginManager: Mounting plugin MatineeToLevelSequence
LogPluginManager: Mounting plugin SequencerScripting
LogPluginManager: Mounting plugin TemplateSequence
LogPluginManager: Mounting plugin OnlineSubsystem
LogPluginManager: Mounting plugin OnlineSubsystemNull
LogPluginManager: Mounting plugin LauncherChunkInstaller
LogPluginManager: Mounting plugin OnlineSubsystemUtils
LogPluginManager: Mounting plugin ActorLayerUtilities
LogPluginManager: Mounting plugin AndroidDeviceProfileSelector
LogPluginManager: Mounting plugin AndroidMoviePlayer
LogPluginManager: Mounting plugin AndroidPermission
LogPluginManager: Mounting plugin AppleImageUtils
LogPluginManager: Mounting plugin AppleMoviePlayer
LogPluginManager: Mounting plugin ArchVisCharacter
LogPluginManager: Mounting plugin AssetTags
LogPluginManager: Mounting plugin AudioCapture
LogPluginManager: Mounting plugin AudioSynesthesia
LogPluginManager: Mounting plugin CableComponent
LogPluginManager: Mounting plugin ChunkDownloader
LogPluginManager: Mounting plugin CustomMeshComponent
LogPluginManager: Mounting plugin EditableMesh
LogPluginManager: Mounting plugin ExampleDeviceProfileSelector
LogPluginManager: Mounting plugin GooglePAD
LogPluginManager: Mounting plugin GoogleCloudMessaging
LogPluginManager: Mounting plugin IOSDeviceProfileSelector
LogPluginManager: Mounting plugin LinuxDeviceProfileSelector
LogPluginManager: Mounting plugin LocationServicesBPLibrary
LogPluginManager: Mounting plugin MobilePatchingUtils
LogPluginManager: Mounting plugin OpenXR
LogPluginManager: Mounting plugin OpenXREyeTracker
LogPluginManager: Mounting plugin OpenXRHandTracking
LogPluginManager: Mounting plugin PhysXVehicles
LogPluginManager: Mounting plugin ProceduralMeshComponent
LogPluginManager: Mounting plugin PostSplashScreen
LogPluginManager: Mounting plugin PropertyAccessEditor
LogPluginManager: Mounting plugin RuntimePhysXCooking
LogPluginManager: Mounting plugin SignificanceManager
LogPluginManager: Mounting plugin SoundFields
LogPluginManager: Mounting plugin Synthesis
LogPluginManager: Mounting plugin WebMMoviePlayer
LogPluginManager: Mounting plugin WindowsMoviePlayer
LogPluginManager: Mounting plugin ScreenshotTools
LogPluginManager: Mounting plugin Takes
LogPluginManager: Mounting plugin ContentBrowserAssetDataSource
LogPluginManager: Mounting plugin ContentBrowserClassDataSource
LogPluginManager: Mounting plugin ContentBrowserFileDataSource
LogPluginManager: Mounting plugin OnlineSubsystemGooglePlay
LogPluginManager: Mounting plugin OnlineSubsystemIOS
LogPluginManager: Mounting plugin OculusVR
LogPluginManager: Mounting plugin SteamVR
LogPluginManager: Mounting plugin XRVisualization
PixWinPlugin: PIX capture plugin failed to initialize! Check that the process is launched from PIX.
LogInit: Using libcurl 7.55.1-DEV
LogInit:  - built for x86_64-pc-win32
LogInit:  - supports SSL with OpenSSL/1.1.1
LogInit:  - supports HTTP deflate (compression) using libz 1.2.8
LogInit:  - other features:
LogInit:      CURL_VERSION_SSL
LogInit:      CURL_VERSION_LIBZ
LogInit:      CURL_VERSION_IPV6
LogInit:      CURL_VERSION_ASYNCHDNS
LogInit:      CURL_VERSION_LARGEFILE
LogInit:      CURL_VERSION_IDN
LogInit:  CurlRequestOptions (configurable via config and command line):
LogInit:  - bVerifyPeer = true  - Libcurl will verify peer certificate
LogInit:  - bUseHttpProxy = false  - Libcurl will NOT use HTTP proxy
LogInit:  - bDontReuseConnections = false  - Libcurl will reuse connections
LogInit:  - MaxHostConnections = 16  - Libcurl will limit the number of connections to a host
LogInit:  - LocalHostAddr = Default
LogInit:  - BufferSize = 65536
LogOnline: OSS: Creating online subsystem instance for: NULL
LogInit: WinSock: version 1.1 (2.2), MaxSocks=32767, MaxUdp=65467
LogOnline: OSS: TryLoadSubsystemAndSetDefault: Loaded subsystem for module [NULL]
LogOculusPluginWrapper: OculusPlugin initialized successfully
LogHMD: Failed initializing OVRPlugin 1.59.0
LogInit: Build: ++UE4+Release-4.27-CL-18319896
LogInit: Engine Version: 4.27.2-18319896+++UE4+Release-4.27
LogInit: Compatible Engine Version: 4.27.0-17155196+++UE4+Release-4.27
LogInit: Net CL: 17155196
LogInit: OS: Windows 10 (Release 2009) (), CPU: AMD Ryzen 5 5600X 6-Core Processor             , GPU: AMD Radeon RX 6650 XT
LogInit: Compiled (64-bit): Nov 30 2021 07:12:08
LogInit: Compiled with Visual C++: 19.24.28315.00
LogInit: Build Configuration: Development
LogInit: Branch Name: ++UE4+Release-4.27
LogInit: Command Line: 
LogInit: Base Directory: C:/Program Files/Epic Games/UE_4.27/Engine/Binaries/Win64/
LogInit: Allocator: TBB
LogInit: Installed Engine Build: 1
LogDevObjectVersion: Number of dev versions registered: 29
LogDevObjectVersion:   Dev-Blueprints (B0D832E4-1F89-4F0D-ACCF-7EB736FD4AA2): 10
LogDevObjectVersion:   Dev-Build (E1C64328-A22C-4D53-A36C-8E866417BD8C): 0
LogDevObjectVersion:   Dev-Core (375EC13C-06E4-48FB-B500-84F0262A717E): 4
LogDevObjectVersion:   Dev-Editor (E4B068ED-F494-42E9-A231-DA0B2E46BB41): 40
LogDevObjectVersion:   Dev-Framework (CFFC743F-43B0-4480-9391-14DF171D2073): 37
LogDevObjectVersion:   Dev-Mobile (B02B49B5-BB20-44E9-A304-32B752E40360): 3
LogDevObjectVersion:   Dev-Networking (A4E4105C-59A1-49B5-A7C5-40C4547EDFEE): 0
LogDevObjectVersion:   Dev-Online (39C831C9-5AE6-47DC-9A44-9C173E1C8E7C): 0
LogDevObjectVersion:   Dev-Physics (78F01B33-EBEA-4F98-B9B4-84EACCB95AA2): 14
LogDevObjectVersion:   Dev-Platform (6631380F-2D4D-43E0-8009-CF276956A95A): 0
LogDevObjectVersion:   Dev-Rendering (12F88B9F-8875-4AFC-A67C-D90C383ABD29): 45
LogDevObjectVersion:   Dev-Sequencer (7B5AE74C-D270-4C10-A958-57980B212A5A): 13
LogDevObjectVersion:   Dev-VR (D7296918-1DD6-4BDD-9DE2-64A83CC13884): 3
LogDevObjectVersion:   Dev-LoadTimes (C2A15278-BFE7-4AFE-6C17-90FF531DF755): 1
LogDevObjectVersion:   Private-Geometry (6EACA3D4-40EC-4CC1-B786-8BED09428FC5): 3
LogDevObjectVersion:   Dev-AnimPhys (29E575DD-E0A3-4627-9D10-D276232CDCEA): 17
LogDevObjectVersion:   Dev-Anim (AF43A65D-7FD3-4947-9873-3E8ED9C1BB05): 15
LogDevObjectVersion:   Dev-ReflectionCapture (6B266CEC-1EC7-4B8F-A30B-E4D90942FC07): 1
LogDevObjectVersion:   Dev-Automation (0DF73D61-A23F-47EA-B727-89E90C41499A): 1
LogDevObjectVersion:   FortniteMain (601D1886-AC64-4F84-AA16-D3DE0DEAC7D6): 47
LogDevObjectVersion:   FortniteRelease (E7086368-6B23-4C58-8439-1B7016265E91): 1
LogDevObjectVersion:   Dev-Enterprise (9DFFBCD6-494F-0158-E221-12823C92A888): 10
LogDevObjectVersion:   Dev-Niagara (F2AED0AC-9AFE-416F-8664-AA7FFA26D6FC): 1
LogDevObjectVersion:   Dev-Destruction (174F1F0B-B4C6-45A5-B13F-2EE8D0FB917D): 10
LogDevObjectVersion:   Dev-Physics-Ext (35F94A83-E258-406C-A318-09F59610247C): 41
LogDevObjectVersion:   Dev-PhysicsMaterial-Chaos (B68FC16E-8B1B-42E2-B453-215C058844FE): 1
LogDevObjectVersion:   Dev-CineCamera (B2E18506-4273-CFC2-A54E-F4BB758BBA07): 1
LogDevObjectVersion:   Dev-VirtualProduction (64F58936-FD1B-42BA-BA96-7289D5D0FA4E): 1
LogDevObjectVersion:   Dev-MediaFramework (6F0ED827-A609-4895-9C91-998D90180EA4): 2
LogInit: Presizing for max 25165824 objects, including 0 objects not considered by GC, pre-allocating 0 bytes for permanent pool.
LogConfig: Applying CVar settings from Section [/Script/Engine.StreamingSettings] File [C:/Users/lebi8/Documents/GitHub/Studays/Saved/Config/Windows/Engine.ini]
LogConfig: Setting CVar [[s.MinBulkDataSizeForAsyncLoading:131072]]
LogConfig: Setting CVar [[s.AsyncLoadingThreadEnabled:0]]
LogConfig: Setting CVar [[s.EventDrivenLoaderEnabled:1]]
LogConfig: Setting CVar [[s.WarnIfTimeLimitExceeded:0]]
LogConfig: Setting CVar [[s.TimeLimitExceededMultiplier:1.5]]
LogConfig: Setting CVar [[s.TimeLimitExceededMinTime:0.005]]
LogConfig: Setting CVar [[s.UseBackgroundLevelStreaming:1]]
LogConfig: Setting CVar [[s.PriorityAsyncLoadingExtraTime:15.0]]
LogConfig: Setting CVar [[s.LevelStreamingActorsUpdateTimeLimit:5.0]]
LogConfig: Setting CVar [[s.PriorityLevelStreamingActorsUpdateExtraTime:5.0]]
LogConfig: Setting CVar [[s.LevelStreamingComponentsRegistrationGranularity:10]]
LogConfig: Setting CVar [[s.UnregisterComponentsTimeLimit:1.0]]
LogConfig: Setting CVar [[s.LevelStreamingComponentsUnregistrationGranularity:5]]
LogConfig: Setting CVar [[s.FlushStreamingOnExit:1]]
LogInit: Object subsystem initialized
LogConfig: Setting CVar [[con.DebugEarlyDefault:1]]
LogConfig: Setting CVar [[r.setres:1280x720]]
[2023.04.06-20.55.11:946][  0]LogConfig: Setting CVar [[r.VSync:0]]
[2023.04.06-20.55.11:946][  0]LogConfig: Setting CVar [[r.RHICmdBypass:0]]
[2023.04.06-20.55.11:946][  0]LogConfig: Applying CVar settings from Section [/Script/Engine.RendererSettings] File [C:/Users/lebi8/Documents/GitHub/Studays/Saved/Config/Windows/Engine.ini]
[2023.04.06-20.55.11:946][  0]LogConfig: Setting CVar [[r.GPUCrashDebugging:0]]
[2023.04.06-20.55.11:946][  0]LogConfig: Setting CVar [[r.SkinCache.CompileShaders:1]]
[2023.04.06-20.55.11:946][  0]LogConfig: Setting CVar [[r.RayTracing:1]]
[2023.04.06-20.55.11:946][  0]LogConfig: Setting CVar [[r.Mobile.AllowDistanceFieldShadows:1]]
[2023.04.06-20.55.11:946][  0]LogConfig: Applying CVar settings from Section [/Script/Engine.RendererOverrideSettings] File [C:/Users/lebi8/Documents/GitHub/Studays/Saved/Config/Windows/Engine.ini]
[2023.04.06-20.55.11:946][  0]LogConfig: Applying CVar settings from Section [/Script/Engine.StreamingSettings] File [C:/Users/lebi8/Documents/GitHub/Studays/Saved/Config/Windows/Engine.ini]
[2023.04.06-20.55.11:946][  0]LogConfig: Setting CVar [[s.MinBulkDataSizeForAsyncLoading:131072]]
[2023.04.06-20.55.11:946][  0]LogConfig: Setting CVar [[s.AsyncLoadingThreadEnabled:0]]
[2023.04.06-20.55.11:946][  0]LogConfig: Setting CVar [[s.EventDrivenLoaderEnabled:1]]
[2023.04.06-20.55.11:946][  0]LogConfig: Setting CVar [[s.WarnIfTimeLimitExceeded:0]]
[2023.04.06-20.55.11:946][  0]LogConfig: Setting CVar [[s.TimeLimitExceededMultiplier:1.5]]
[2023.04.06-20.55.11:946][  0]LogConfig: Setting CVar [[s.TimeLimitExceededMinTime:0.005]]
[2023.04.06-20.55.11:946][  0]LogConfig: Setting CVar [[s.UseBackgroundLevelStreaming:1]]
[2023.04.06-20.55.11:946][  0]LogConfig: Setting CVar [[s.PriorityAsyncLoadingExtraTime:15.0]]
[2023.04.06-20.55.11:946][  0]LogConfig: Setting CVar [[s.LevelStreamingActorsUpdateTimeLimit:5.0]]
[2023.04.06-20.55.11:946][  0]LogConfig: Setting CVar [[s.PriorityLevelStreamingActorsUpdateExtraTime:5.0]]
[2023.04.06-20.55.11:946][  0]LogConfig: Setting CVar [[s.LevelStreamingComponentsRegistrationGranularity:10]]
[2023.04.06-20.55.11:946][  0]LogConfig: Setting CVar [[s.UnregisterComponentsTimeLimit:1.0]]
[2023.04.06-20.55.11:946][  0]LogConfig: Setting CVar [[s.LevelStreamingComponentsUnregistrationGranularity:5]]
[2023.04.06-20.55.11:946][  0]LogConfig: Setting CVar [[s.FlushStreamingOnExit:1]]
[2023.04.06-20.55.11:946][  0]LogConfig: Applying CVar settings from Section [/Script/Engine.GarbageCollectionSettings] File [C:/Users/lebi8/Documents/GitHub/Studays/Saved/Config/Windows/Engine.ini]
[2023.04.06-20.55.11:946][  0]LogConfig: Setting CVar [[gc.MaxObjectsNotConsideredByGC:1]]
[2023.04.06-20.55.11:946][  0]LogConfig: Setting CVar [[gc.SizeOfPermanentObjectPool:0]]
[2023.04.06-20.55.11:946][  0]LogConfig: Setting CVar [[gc.FlushStreamingOnGC:0]]
[2023.04.06-20.55.11:946][  0]LogConfig: Setting CVar [[gc.NumRetriesBeforeForcingGC:10]]
[2023.04.06-20.55.11:946][  0]LogConfig: Setting CVar [[gc.AllowParallelGC:1]]
[2023.04.06-20.55.11:946][  0]LogConfig: Setting CVar [[gc.TimeBetweenPurgingPendingKillObjects:61.1]]
[2023.04.06-20.55.11:946][  0]LogConfig: Setting CVar [[gc.MaxObjectsInEditor:25165824]]
[2023.04.06-20.55.11:946][  0]LogConfig: Setting CVar [[gc.IncrementalBeginDestroyEnabled:1]]
[2023.04.06-20.55.11:946][  0]LogConfig: Setting CVar [[gc.CreateGCClusters:1]]
[2023.04.06-20.55.11:946][  0]LogConfig: Setting CVar [[gc.MinGCClusterSize:5]]
[2023.04.06-20.55.11:946][  0]LogConfig: Setting CVar [[gc.ActorClusteringEnabled:0]]
[2023.04.06-20.55.11:946][  0]LogConfig: Setting CVar [[gc.BlueprintClusteringEnabled:0]]
[2023.04.06-20.55.11:946][  0]LogConfig: Setting CVar [[gc.UseDisregardForGCOnDedicatedServers:0]]
[2023.04.06-20.55.11:946][  0]LogConfig: Setting CVar [[gc.MultithreadedDestructionEnabled:1]]
[2023.04.06-20.55.11:946][  0]LogConfig: Applying CVar settings from Section [/Script/Engine.NetworkSettings] File [C:/Users/lebi8/Documents/GitHub/Studays/Saved/Config/Windows/Engine.ini]
[2023.04.06-20.55.11:946][  0]LogConfig: Applying CVar settings from Section [/Script/UnrealEd.CookerSettings] File [C:/Users/lebi8/Documents/GitHub/Studays/Saved/Config/Windows/Engine.ini]
[2023.04.06-20.55.11:955][  0]LogConfig: Applying CVar settings from Section [ViewDistanceQuality@3] File [C:/Users/lebi8/Documents/GitHub/Studays/Saved/Config/Windows/Scalability.ini]
[2023.04.06-20.55.11:955][  0]LogConfig: Setting CVar [[r.SkeletalMeshLODBias:0]]
[2023.04.06-20.55.11:955][  0]LogConfig: Setting CVar [[r.ViewDistanceScale:1.0]]
[2023.04.06-20.55.11:955][  0]LogConfig: Applying CVar settings from Section [AntiAliasingQuality@3] File [C:/Users/lebi8/Documents/GitHub/Studays/Saved/Config/Windows/Scalability.ini]
[2023.04.06-20.55.11:955][  0]LogConfig: Setting CVar [[r.PostProcessAAQuality:4]]
[2023.04.06-20.55.11:955][  0]LogConfig: Applying CVar settings from Section [ShadowQuality@3] File [C:/Users/lebi8/Documents/GitHub/Studays/Saved/Config/Windows/Scalability.ini]
[2023.04.06-20.55.11:955][  0]LogConfig: Setting CVar [[r.LightFunctionQuality:1]]
[2023.04.06-20.55.11:955][  0]LogConfig: Setting CVar [[r.ShadowQuality:5]]
[2023.04.06-20.55.11:955][  0]LogConfig: Setting CVar [[r.Shadow.CSM.MaxCascades:10]]
[2023.04.06-20.55.11:955][  0]LogConfig: Setting CVar [[r.Shadow.MaxResolution:2048]]
[2023.04.06-20.55.11:955][  0]LogConfig: Setting CVar [[r.Shadow.MaxCSMResolution:2048]]
[2023.04.06-20.55.11:955][  0]LogConfig: Setting CVar [[r.Shadow.RadiusThreshold:0.01]]
[2023.04.06-20.55.11:955][  0]LogConfig: Setting CVar [[r.Shadow.DistanceScale:1.0]]
[2023.04.06-20.55.11:955][  0]LogConfig: Setting CVar [[r.Shadow.CSM.TransitionScale:1.0]]
[2023.04.06-20.55.11:955][  0]LogConfig: Setting CVar [[r.Shadow.PreShadowResolutionFactor:1.0]]
[2023.04.06-20.55.11:955][  0]LogConfig: Setting CVar [[r.DistanceFieldShadowing:1]]
[2023.04.06-20.55.11:955][  0]LogConfig: Setting CVar [[r.DistanceFieldAO:1]]
[2023.04.06-20.55.11:955][  0]LogConfig: Setting CVar [[r.AOQuality:2]]
[2023.04.06-20.55.11:955][  0]LogConfig: Setting CVar [[r.VolumetricFog:1]]
[2023.04.06-20.55.11:955][  0]LogConfig: Setting CVar [[r.VolumetricFog.GridPixelSize:8]]
[2023.04.06-20.55.11:955][  0]LogConfig: Setting CVar [[r.VolumetricFog.GridSizeZ:128]]
[2023.04.06-20.55.11:955][  0]LogConfig: Setting CVar [[r.VolumetricFog.HistoryMissSupersampleCount:4]]
[2023.04.06-20.55.11:955][  0]LogConfig: Setting CVar [[r.LightMaxDrawDistanceScale:1]]
[2023.04.06-20.55.11:955][  0]LogConfig: Setting CVar [[r.CapsuleShadows:1]]
[2023.04.06-20.55.11:955][  0]LogConfig: Applying CVar settings from Section [PostProcessQuality@3] File [C:/Users/lebi8/Documents/GitHub/Studays/Saved/Config/Windows/Scalability.ini]
[2023.04.06-20.55.11:955][  0]LogConfig: Setting CVar [[r.MotionBlurQuality:4]]
[2023.04.06-20.55.11:955][  0]LogConfig: Setting CVar [[r.AmbientOcclusionMipLevelFactor:0.4]]
[2023.04.06-20.55.11:955][  0]LogConfig: Setting CVar [[r.AmbientOcclusionMaxQuality:100]]
[2023.04.06-20.55.11:956][  0]LogConfig: Setting CVar [[r.AmbientOcclusionLevels:-1]]
[2023.04.06-20.55.11:956][  0]LogConfig: Setting CVar [[r.AmbientOcclusionRadiusScale:1.0]]
[2023.04.06-20.55.11:956][  0]LogConfig: Setting CVar [[r.DepthOfFieldQuality:2]]
[2023.04.06-20.55.11:956][  0]LogConfig: Setting CVar [[r.RenderTargetPoolMin:400]]
[2023.04.06-20.55.11:956][  0]LogConfig: Setting CVar [[r.LensFlareQuality:2]]
[2023.04.06-20.55.11:956][  0]LogConfig: Setting CVar [[r.SceneColorFringeQuality:1]]
[2023.04.06-20.55.11:956][  0]LogConfig: Setting CVar [[r.EyeAdaptationQuality:2]]
[2023.04.06-20.55.11:956][  0]LogConfig: Setting CVar [[r.BloomQuality:5]]
[2023.04.06-20.55.11:956][  0]LogConfig: Setting CVar [[r.FastBlurThreshold:100]]
[2023.04.06-20.55.11:956][  0]LogConfig: Setting CVar [[r.Upscale.Quality:3]]
[2023.04.06-20.55.11:956][  0]LogConfig: Setting CVar [[r.Tonemapper.GrainQuantization:1]]
[2023.04.06-20.55.11:956][  0]LogConfig: Setting CVar [[r.LightShaftQuality:1]]
[2023.04.06-20.55.11:956][  0]LogConfig: Setting CVar [[r.Filter.SizeScale:1]]
[2023.04.06-20.55.11:956][  0]LogConfig: Setting CVar [[r.Tonemapper.Quality:5]]
[2023.04.06-20.55.11:956][  0]LogConfig: Setting CVar [[r.DOF.Gather.AccumulatorQuality:1        ; higher gathering accumulator quality]]
[2023.04.06-20.55.11:956][  0]LogConfig: Setting CVar [[r.DOF.Gather.PostfilterMethod:1          ; Median3x3 postfilering method]]
[2023.04.06-20.55.11:956][  0]LogConfig: Setting CVar [[r.DOF.Gather.EnableBokehSettings:0       ; no bokeh simulation when gathering]]
[2023.04.06-20.55.11:956][  0]LogConfig: Setting CVar [[r.DOF.Gather.RingCount:4                 ; medium number of samples when gathering]]
[2023.04.06-20.55.11:956][  0]LogConfig: Setting CVar [[r.DOF.Scatter.ForegroundCompositing:1    ; additive foreground scattering]]
[2023.04.06-20.55.11:956][  0]LogConfig: Setting CVar [[r.DOF.Scatter.BackgroundCompositing:2    ; additive background scattering]]
[2023.04.06-20.55.11:956][  0]LogConfig: Setting CVar [[r.DOF.Scatter.EnableBokehSettings:1      ; bokeh simulation when scattering]]
[2023.04.06-20.55.11:956][  0]LogConfig: Setting CVar [[r.DOF.Scatter.MaxSpriteRatio:0.1         ; only a maximum of 10% of scattered bokeh]]
[2023.04.06-20.55.11:956][  0]LogConfig: Setting CVar [[r.DOF.Recombine.Quality:1                ; cheap slight out of focus]]
[2023.04.06-20.55.11:956][  0]LogConfig: Setting CVar [[r.DOF.Recombine.EnableBokehSettings:0    ; no bokeh simulation on slight out of focus]]
[2023.04.06-20.55.11:956][  0]LogConfig: Setting CVar [[r.DOF.TemporalAAQuality:1                ; more stable temporal accumulation]]
[2023.04.06-20.55.11:956][  0]LogConfig: Setting CVar [[r.DOF.Kernel.MaxForegroundRadius:0.025]]
[2023.04.06-20.55.11:956][  0]LogConfig: Setting CVar [[r.DOF.Kernel.MaxBackgroundRadius:0.025]]
[2023.04.06-20.55.11:956][  0]LogConfig: Applying CVar settings from Section [TextureQuality@3] File [C:/Users/lebi8/Documents/GitHub/Studays/Saved/Config/Windows/Scalability.ini]
[2023.04.06-20.55.11:956][  0]LogConfig: Setting CVar [[r.Streaming.MipBias:0]]
[2023.04.06-20.55.11:956][  0]LogConfig: Setting CVar [[r.Streaming.AmortizeCPUToGPUCopy:0]]
[2023.04.06-20.55.11:956][  0]LogConfig: Setting CVar [[r.Streaming.MaxNumTexturesToStreamPerFrame:0]]
[2023.04.06-20.55.11:956][  0]LogConfig: Setting CVar [[r.Streaming.Boost:1]]
[2023.04.06-20.55.11:956][  0]LogConfig: Setting CVar [[r.MaxAnisotropy:8]]
[2023.04.06-20.55.11:956][  0]LogConfig: Setting CVar [[r.VT.MaxAnisotropy:8]]
[2023.04.06-20.55.11:956][  0]LogConfig: Setting CVar [[r.Streaming.LimitPoolSizeToVRAM:0]]
[2023.04.06-20.55.11:956][  0]LogConfig: Setting CVar [[r.Streaming.PoolSize:1000]]
[2023.04.06-20.55.11:956][  0]LogConfig: Setting CVar [[r.Streaming.MaxEffectiveScreenSize:0]]
[2023.04.06-20.55.11:956][  0]LogConfig: Applying CVar settings from Section [EffectsQuality@3] File [C:/Users/lebi8/Documents/GitHub/Studays/Saved/Config/Windows/Scalability.ini]
[2023.04.06-20.55.11:956][  0]LogConfig: Setting CVar [[r.TranslucencyLightingVolumeDim:64]]
[2023.04.06-20.55.11:956][  0]LogConfig: Setting CVar [[r.RefractionQuality:2]]
[2023.04.06-20.55.11:956][  0]LogConfig: Setting CVar [[r.SSR.Quality:3]]
[2023.04.06-20.55.11:956][  0]LogConfig: Setting CVar [[r.SSR.HalfResSceneColor:0]]
[2023.04.06-20.55.11:956][  0]LogConfig: Setting CVar [[r.SceneColorFormat:4]]
[2023.04.06-20.55.11:956][  0]LogConfig: Setting CVar [[r.DetailMode:2]]
[2023.04.06-20.55.11:956][  0]LogConfig: Setting CVar [[r.TranslucencyVolumeBlur:1]]
[2023.04.06-20.55.11:956][  0]LogConfig: Setting CVar [[r.MaterialQualityLevel:1 ; High quality]]
[2023.04.06-20.55.11:956][  0]LogConfig: Setting CVar [[r.AnisotropicMaterials:1]]
[2023.04.06-20.55.11:956][  0]LogConfig: Setting CVar [[r.SSS.Scale:1]]
[2023.04.06-20.55.11:956][  0]LogConfig: Setting CVar [[r.SSS.SampleSet:2]]
[2023.04.06-20.55.11:956][  0]LogConfig: Setting CVar [[r.SSS.Quality:1]]
[2023.04.06-20.55.11:956][  0]LogConfig: Setting CVar [[r.SSS.HalfRes:0]]
[2023.04.06-20.55.11:956][  0]LogConfig: Setting CVar [[r.SSGI.Quality:3]]
[2023.04.06-20.55.11:956][  0]LogConfig: Setting CVar [[r.EmitterSpawnRateScale:1.0]]
[2023.04.06-20.55.11:956][  0]LogConfig: Setting CVar [[r.ParticleLightQuality:2]]
[2023.04.06-20.55.11:956][  0]LogConfig: Setting CVar [[r.SkyAtmosphere.AerialPerspectiveLUT.FastApplyOnOpaque:1 ; Always have FastSkyLUT 1 in this case to avoid wrong sky]]
[2023.04.06-20.55.11:956][  0]LogConfig: Setting CVar [[r.SkyAtmosphere.AerialPerspectiveLUT.SampleCountMaxPerSlice:4]]
[2023.04.06-20.55.11:956][  0]LogConfig: Setting CVar [[r.SkyAtmosphere.AerialPerspectiveLUT.DepthResolution:16.0]]
[2023.04.06-20.55.11:956][  0]LogConfig: Setting CVar [[r.SkyAtmosphere.FastSkyLUT:1]]
[2023.04.06-20.55.11:956][  0]LogConfig: Setting CVar [[r.SkyAtmosphere.FastSkyLUT.SampleCountMin:4.0]]
[2023.04.06-20.55.11:956][  0]LogConfig: Setting CVar [[r.SkyAtmosphere.FastSkyLUT.SampleCountMax:128.0]]
[2023.04.06-20.55.11:956][  0]LogConfig: Setting CVar [[r.SkyAtmosphere.SampleCountMin:4.0]]
[2023.04.06-20.55.11:956][  0]LogConfig: Setting CVar [[r.SkyAtmosphere.SampleCountMax:128.0]]
[2023.04.06-20.55.11:956][  0]LogConfig: Setting CVar [[r.SkyAtmosphere.TransmittanceLUT.UseSmallFormat:0]]
[2023.04.06-20.55.11:956][  0]LogConfig: Setting CVar [[r.SkyAtmosphere.TransmittanceLUT.SampleCount:10.0]]
[2023.04.06-20.55.11:956][  0]LogConfig: Setting CVar [[r.SkyAtmosphere.MultiScatteringLUT.SampleCount:15.0]]
[2023.04.06-20.55.11:956][  0]LogConfig: Setting CVar [[r.SkyLight.RealTimeReflectionCapture:1]]
[2023.04.06-20.55.11:956][  0]LogConfig: Applying CVar settings from Section [FoliageQuality@3] File [C:/Users/lebi8/Documents/GitHub/Studays/Saved/Config/Windows/Scalability.ini]
[2023.04.06-20.55.11:956][  0]LogConfig: Setting CVar [[foliage.DensityScale:1.0]]
[2023.04.06-20.55.11:956][  0]LogConfig: Setting CVar [[grass.DensityScale:1.0]]
[2023.04.06-20.55.11:956][  0]LogConfig: Applying CVar settings from Section [ShadingQuality@3] File [C:/Users/lebi8/Documents/GitHub/Studays/Saved/Config/Windows/Scalability.ini]
[2023.04.06-20.55.11:956][  0]LogConfig: Setting CVar [[r.HairStrands.SkyLighting.IntegrationType:2]]
[2023.04.06-20.55.11:956][  0]LogConfig: Setting CVar [[r.HairStrands.SkyAO.SampleCount:4]]
[2023.04.06-20.55.11:956][  0]LogConfig: Setting CVar [[r.HairStrands.Visibility.MSAA.SamplePerPixel:4]]
[2023.04.06-20.55.11:957][  0]LogInit: Selected Device Profile: [Windows]
[2023.04.06-20.55.11:963][  0]LogInit: Applying CVar settings loaded from the selected device profile: [Windows]
[2023.04.06-20.55.11:967][  0]LogHAL: Display: Platform has ~ 16 GB [17079394304 / 17179869184 / 16], which maps to Larger [LargestMinGB=32, LargerMinGB=12, DefaultMinGB=8, SmallerMinGB=6, SmallestMinGB=0)
[2023.04.06-20.55.11:967][  0]LogInit: Going up to parent DeviceProfile []
[2023.04.06-20.55.11:968][  0]LogConfig: Applying CVar settings from Section [ViewDistanceQuality@1] File [C:/Users/lebi8/Documents/GitHub/Studays/Saved/Config/Windows/Scalability.ini]
[2023.04.06-20.55.11:968][  0]LogConfig: Setting CVar [[r.SkeletalMeshLODBias:1]]
[2023.04.06-20.55.11:968][  0]LogConfig: Setting CVar [[r.ViewDistanceScale:0.6]]
[2023.04.06-20.55.11:968][  0]LogConfig: Applying CVar settings from Section [AntiAliasingQuality@1] File [C:/Users/lebi8/Documents/GitHub/Studays/Saved/Config/Windows/Scalability.ini]
[2023.04.06-20.55.11:968][  0]LogConfig: Setting CVar [[r.PostProcessAAQuality:2]]
[2023.04.06-20.55.11:968][  0]LogConfig: Applying CVar settings from Section [ShadowQuality@1] File [C:/Users/lebi8/Documents/GitHub/Studays/Saved/Config/Windows/Scalability.ini]
[2023.04.06-20.55.11:968][  0]LogConfig: Setting CVar [[r.LightFunctionQuality:1]]
[2023.04.06-20.55.11:968][  0]LogConfig: Setting CVar [[r.ShadowQuality:3]]
[2023.04.06-20.55.11:968][  0]LogConfig: Setting CVar [[r.Shadow.CSM.MaxCascades:1]]
[2023.04.06-20.55.11:968][  0]LogConfig: Setting CVar [[r.Shadow.MaxResolution:1024]]
[2023.04.06-20.55.11:968][  0]LogConfig: Setting CVar [[r.Shadow.MaxCSMResolution:1024]]
[2023.04.06-20.55.11:968][  0]LogConfig: Setting CVar [[r.Shadow.RadiusThreshold:0.05]]
[2023.04.06-20.55.11:968][  0]LogConfig: Setting CVar [[r.Shadow.DistanceScale:0.7]]
[2023.04.06-20.55.11:968][  0]LogConfig: Setting CVar [[r.Shadow.CSM.TransitionScale:0.25]]
[2023.04.06-20.55.11:968][  0]LogConfig: Setting CVar [[r.Shadow.PreShadowResolutionFactor:0.5]]
[2023.04.06-20.55.11:968][  0]LogConfig: Setting CVar [[r.DistanceFieldShadowing:0]]
[2023.04.06-20.55.11:968][  0]LogConfig: Setting CVar [[r.DistanceFieldAO:0]]
[2023.04.06-20.55.11:968][  0]LogConfig: Setting CVar [[r.VolumetricFog:0]]
[2023.04.06-20.55.11:968][  0]LogConfig: Setting CVar [[r.LightMaxDrawDistanceScale:.5]]
[2023.04.06-20.55.11:968][  0]LogConfig: Setting CVar [[r.CapsuleShadows:1]]
[2023.04.06-20.55.11:968][  0]LogConfig: Applying CVar settings from Section [PostProcessQuality@1] File [C:/Users/lebi8/Documents/GitHub/Studays/Saved/Config/Windows/Scalability.ini]
[2023.04.06-20.55.11:968][  0]LogConfig: Setting CVar [[r.MotionBlurQuality:3]]
[2023.04.06-20.55.11:968][  0]LogConfig: Setting CVar [[r.AmbientOcclusionMipLevelFactor:1.0]]
[2023.04.06-20.55.11:968][  0]LogConfig: Setting CVar [[r.AmbientOcclusionMaxQuality:60]]
[2023.04.06-20.55.11:968][  0]LogConfig: Setting CVar [[r.AmbientOcclusionLevels:-1]]
[2023.04.06-20.55.11:968][  0]LogConfig: Setting CVar [[r.AmbientOcclusionRadiusScale:1.5]]
[2023.04.06-20.55.11:968][  0]LogConfig: Setting CVar [[r.DepthOfFieldQuality:1]]
[2023.04.06-20.55.11:968][  0]LogConfig: Setting CVar [[r.RenderTargetPoolMin:350]]
[2023.04.06-20.55.11:968][  0]LogConfig: Setting CVar [[r.LensFlareQuality:0]]
[2023.04.06-20.55.11:968][  0]LogConfig: Setting CVar [[r.SceneColorFringeQuality:0]]
[2023.04.06-20.55.11:969][  0]LogConfig: Setting CVar [[r.EyeAdaptationQuality:2]]
[2023.04.06-20.55.11:969][  0]LogConfig: Setting CVar [[r.BloomQuality:4]]
[2023.04.06-20.55.11:969][  0]LogConfig: Setting CVar [[r.FastBlurThreshold:2]]
[2023.04.06-20.55.11:969][  0]LogConfig: Setting CVar [[r.Upscale.Quality:2]]
[2023.04.06-20.55.11:969][  0]LogConfig: Setting CVar [[r.Tonemapper.GrainQuantization:0]]
[2023.04.06-20.55.11:969][  0]LogConfig: Setting CVar [[r.LightShaftQuality:0]]
[2023.04.06-20.55.11:969][  0]LogConfig: Setting CVar [[r.Filter.SizeScale:0.7]]
[2023.04.06-20.55.11:969][  0]LogConfig: Setting CVar [[r.Tonemapper.Quality:2]]
[2023.04.06-20.55.11:969][  0]LogConfig: Setting CVar [[r.DOF.Gather.AccumulatorQuality:0        ; lower gathering accumulator quality]]
[2023.04.06-20.55.11:969][  0]LogConfig: Setting CVar [[r.DOF.Gather.PostfilterMethod:2          ; Max3x3 postfilering method]]
[2023.04.06-20.55.11:969][  0]LogConfig: Setting CVar [[r.DOF.Gather.EnableBokehSettings:0       ; no bokeh simulation when gathering]]
[2023.04.06-20.55.11:969][  0]LogConfig: Setting CVar [[r.DOF.Gather.RingCount:3                 ; low number of samples when gathering]]
[2023.04.06-20.55.11:969][  0]LogConfig: Setting CVar [[r.DOF.Scatter.ForegroundCompositing:0    ; no foreground scattering]]
[2023.04.06-20.55.11:969][  0]LogConfig: Setting CVar [[r.DOF.Scatter.BackgroundCompositing:0    ; no foreground scattering]]
[2023.04.06-20.55.11:969][  0]LogConfig: Setting CVar [[r.DOF.Recombine.Quality:0                ; no slight out of focus]]
[2023.04.06-20.55.11:969][  0]LogConfig: Setting CVar [[r.DOF.TemporalAAQuality:0                ; faster temporal accumulation]]
[2023.04.06-20.55.11:969][  0]LogConfig: Setting CVar [[r.DOF.Kernel.MaxForegroundRadius:0.006   ; required because low gathering and no scattering and not looking great at 1080p]]
[2023.04.06-20.55.11:969][  0]LogConfig: Setting CVar [[r.DOF.Kernel.MaxBackgroundRadius:0.006   ; required because low gathering and no scattering and not looking great at 1080p]]
[2023.04.06-20.55.11:969][  0]LogConfig: Applying CVar settings from Section [TextureQuality@1] File [C:/Users/lebi8/Documents/GitHub/Studays/Saved/Config/Windows/Scalability.ini]
[2023.04.06-20.55.11:969][  0]LogConfig: Setting CVar [[r.Streaming.MipBias:1]]
[2023.04.06-20.55.11:969][  0]LogConfig: Setting CVar [[r.Streaming.AmortizeCPUToGPUCopy:0]]
[2023.04.06-20.55.11:969][  0]LogConfig: Setting CVar [[r.Streaming.MaxNumTexturesToStreamPerFrame:0]]
[2023.04.06-20.55.11:969][  0]LogConfig: Setting CVar [[r.Streaming.Boost:1]]
[2023.04.06-20.55.11:969][  0]LogConfig: Setting CVar [[r.MaxAnisotropy:2]]
[2023.04.06-20.55.11:969][  0]LogConfig: Setting CVar [[r.VT.MaxAnisotropy:4]]
[2023.04.06-20.55.11:969][  0]LogConfig: Setting CVar [[r.Streaming.LimitPoolSizeToVRAM:1]]
[2023.04.06-20.55.11:969][  0]LogConfig: Setting CVar [[r.Streaming.PoolSize:600]]
[2023.04.06-20.55.11:969][  0]LogConfig: Setting CVar [[r.Streaming.MaxEffectiveScreenSize:0]]
[2023.04.06-20.55.11:969][  0]LogConfig: Applying CVar settings from Section [EffectsQuality@1] File [C:/Users/lebi8/Documents/GitHub/Studays/Saved/Config/Windows/Scalability.ini]
[2023.04.06-20.55.11:969][  0]LogConfig: Setting CVar [[r.TranslucencyLightingVolumeDim:32]]
[2023.04.06-20.55.11:969][  0]LogConfig: Setting CVar [[r.RefractionQuality:0]]
[2023.04.06-20.55.11:969][  0]LogConfig: Setting CVar [[r.SSR.Quality:0]]
[2023.04.06-20.55.11:969][  0]LogConfig: Setting CVar [[r.SSR.HalfResSceneColor:1]]
[2023.04.06-20.55.11:969][  0]LogConfig: Setting CVar [[r.SceneColorFormat:3]]
[2023.04.06-20.55.11:969][  0]LogConfig: Setting CVar [[r.DetailMode:1]]
[2023.04.06-20.55.11:969][  0]LogConfig: Setting CVar [[r.TranslucencyVolumeBlur:0]]
[2023.04.06-20.55.11:969][  0]LogConfig: Setting CVar [[r.MaterialQualityLevel:2 ; Medium quality]]
[2023.04.06-20.55.11:969][  0]LogConfig: Setting CVar [[r.AnisotropicMaterials:0]]
[2023.04.06-20.55.11:969][  0]LogConfig: Setting CVar [[r.SSS.Scale:0.75]]
[2023.04.06-20.55.11:969][  0]LogConfig: Setting CVar [[r.SSS.SampleSet:0]]
[2023.04.06-20.55.11:969][  0]LogConfig: Setting CVar [[r.SSS.Quality:0]]
[2023.04.06-20.55.11:969][  0]LogConfig: Setting CVar [[r.SSS.HalfRes:1]]
[2023.04.06-20.55.11:969][  0]LogConfig: Setting CVar [[r.SSGI.Quality:1]]
[2023.04.06-20.55.11:969][  0]LogConfig: Setting CVar [[r.EmitterSpawnRateScale:0.25]]
[2023.04.06-20.55.11:969][  0]LogConfig: Setting CVar [[r.ParticleLightQuality:0]]
[2023.04.06-20.55.11:969][  0]LogConfig: Setting CVar [[r.SkyAtmosphere.AerialPerspectiveLUT.FastApplyOnOpaque:1 ; Always have FastSkyLUT 1 in this case to avoid wrong sky]]
[2023.04.06-20.55.11:969][  0]LogConfig: Setting CVar [[r.SkyAtmosphere.AerialPerspectiveLUT.SampleCountMaxPerSlice:1]]
[2023.04.06-20.55.11:969][  0]LogConfig: Setting CVar [[r.SkyAtmosphere.AerialPerspectiveLUT.DepthResolution:16.0]]
[2023.04.06-20.55.11:969][  0]LogConfig: Setting CVar [[r.SkyAtmosphere.FastSkyLUT:1]]
[2023.04.06-20.55.11:969][  0]LogConfig: Setting CVar [[r.SkyAtmosphere.FastSkyLUT.SampleCountMin:4.0]]
[2023.04.06-20.55.11:969][  0]LogConfig: Setting CVar [[r.SkyAtmosphere.FastSkyLUT.SampleCountMax:32.0]]
[2023.04.06-20.55.11:969][  0]LogConfig: Setting CVar [[r.SkyAtmosphere.SampleCountMin:4.0]]
[2023.04.06-20.55.11:969][  0]LogConfig: Setting CVar [[r.SkyAtmosphere.SampleCountMax:32.0]]
[2023.04.06-20.55.11:969][  0]LogConfig: Setting CVar [[r.SkyAtmosphere.TransmittanceLUT.UseSmallFormat:0]]
[2023.04.06-20.55.11:969][  0]LogConfig: Setting CVar [[r.SkyAtmosphere.TransmittanceLUT.SampleCount:10.0]]
[2023.04.06-20.55.11:969][  0]LogConfig: Setting CVar [[r.SkyAtmosphere.MultiScatteringLUT.SampleCount:15.0]]
[2023.04.06-20.55.11:969][  0]LogConfig: Setting CVar [[r.SkyLight.RealTimeReflectionCapture:0]]
[2023.04.06-20.55.11:969][  0]LogConfig: Applying CVar settings from Section [FoliageQuality@1] File [C:/Users/lebi8/Documents/GitHub/Studays/Saved/Config/Windows/Scalability.ini]
[2023.04.06-20.55.11:969][  0]LogConfig: Setting CVar [[foliage.DensityScale:0.4]]
[2023.04.06-20.55.11:969][  0]LogConfig: Setting CVar [[grass.DensityScale:0.4]]
[2023.04.06-20.55.11:969][  0]LogConfig: Applying CVar settings from Section [ShadingQuality@1] File [C:/Users/lebi8/Documents/GitHub/Studays/Saved/Config/Windows/Scalability.ini]
[2023.04.06-20.55.11:969][  0]LogConfig: Setting CVar [[r.HairStrands.SkyLighting.IntegrationType:2]]
[2023.04.06-20.55.11:969][  0]LogConfig: Setting CVar [[r.HairStrands.SkyAO.SampleCount:4]]
[2023.04.06-20.55.11:969][  0]LogConfig: Setting CVar [[r.HairStrands.Visibility.MSAA.SamplePerPixel:1]]
[2023.04.06-20.55.11:969][  0]LogConfig: Applying CVar settings from Section [Startup] File [../../../Engine/Config/ConsoleVariables.ini]
[2023.04.06-20.55.11:975][  0]LogConfig: Setting CVar [[net.UseAdaptiveNetUpdateFrequency:0]]
[2023.04.06-20.55.11:975][  0]LogConfig: Setting CVar [[p.chaos.AllowCreatePhysxBodies:1]]
[2023.04.06-20.55.11:975][  0]LogConfig: Setting CVar [[fx.SkipVectorVMBackendOptimizations:1]]
[2023.04.06-20.55.11:975][  0]LogConfig: Applying CVar settings from Section [ConsoleVariables] File [C:/Users/lebi8/Documents/GitHub/Studays/Saved/Config/Windows/Engine.ini]
[2023.04.06-20.55.11:975][  0]LogConfig: Applying CVar settings from Section [ConsoleVariables] File [C:/Users/lebi8/Documents/GitHub/Studays/Saved/Config/Windows/Editor.ini]
[2023.04.06-20.55.11:997][  0]LogInit: Computer: DESKTOP-0QGCHFI
[2023.04.06-20.55.11:997][  0]LogInit: User: lebi8
[2023.04.06-20.55.11:997][  0]LogInit: CPU Page size=4096, Cores=6
[2023.04.06-20.55.11:997][  0]LogInit: High frequency timer resolution =10.000000 MHz
[2023.04.06-20.55.11:997][  0]LogMemory: Memory total: Physical=15.9GB (16GB approx)
[2023.04.06-20.55.11:997][  0]LogMemory: Platform Memory Stats for Windows
[2023.04.06-20.55.11:997][  0]LogMemory: Process Physical Memory: 144.56 MB used, 144.56 MB peak
[2023.04.06-20.55.11:997][  0]LogMemory: Process Virtual Memory: 129.77 MB used, 129.77 MB peak
[2023.04.06-20.55.11:997][  0]LogMemory: Physical Memory: 7652.24 MB used,  8635.94 MB free, 16288.18 MB total
[2023.04.06-20.55.11:997][  0]LogMemory: Virtual Memory: 134210776.00 MB used,  6952.52 MB free, 134217728.00 MB total
[2023.04.06-20.55.12:007][  0]LogWindows: WindowsPlatformFeatures enabled
[2023.04.06-20.55.12:697][  0]LogInit: Physics initialised using underlying interface: PhysX
[2023.04.06-20.55.12:705][  0]LogInit: Using OS detected language (ru-RU).
[2023.04.06-20.55.12:705][  0]LogInit: Using OS detected locale (ru-RU).
[2023.04.06-20.55.12:710][  0]LogTextLocalizationManager: No specific localization for 'ru-RU' exists, so the 'ru' localization will be used.
[2023.04.06-20.55.12:710][  0]LogTextLocalizationResource: LocRes '../../../Engine/Content/Localization/Editor/ru/Editor.locres' could not be opened for reading!
[2023.04.06-20.55.12:710][  0]LogTextLocalizationResource: LocRes '../../../Engine/Content/Localization/EditorTutorials/ru/EditorTutorials.locres' could not be opened for reading!
[2023.04.06-20.55.12:710][  0]LogTextLocalizationResource: LocRes '../../../Engine/Content/Localization/Keywords/ru/Keywords.locres' could not be opened for reading!
[2023.04.06-20.55.12:711][  0]LogTextLocalizationResource: LocRes '../../../Engine/Content/Localization/Category/ru/Category.locres' could not be opened for reading!
[2023.04.06-20.55.12:711][  0]LogTextLocalizationResource: LocRes '../../../Engine/Content/Localization/ToolTips/ru/ToolTips.locres' could not be opened for reading!
[2023.04.06-20.55.12:711][  0]LogTextLocalizationResource: LocRes '../../../Engine/Content/Localization/PropertyNames/ru/PropertyNames.locres' could not be opened for reading!
[2023.04.06-20.55.12:711][  0]LogTextLocalizationResource: LocRes '../../../Engine/Content/Localization/Engine/ru/Engine.locres' could not be opened for reading!
[2023.04.06-20.55.12:735][  0]LogInit: Setting process to per monitor DPI aware
[2023.04.06-20.55.12:751][  0]LogWindowsTextInputMethodSystem: Display: IME system deactivated.
[2023.04.06-20.55.12:795][  0]LogSlate: New Slate User Created.  User Index 0, Is Virtual User: 0
[2023.04.06-20.55.12:795][  0]LogSlate: Slate User Registered.  User Index 0, Is Virtual User: 0
[2023.04.06-20.55.13:703][  0]LogD3D12RHI: Aftermath initialized
[2023.04.06-20.55.13:709][  0]LogD3D12RHI: Loading WinPixEventRuntime.dll for PIX profiling (from ../../../Engine/Binaries/ThirdParty/Windows/WinPixEventRuntime/x64).
[2023.04.06-20.55.13:727][  0]LogHMD: Failed to initialize OpenVR with code 110
[2023.04.06-20.55.13:920][  0]LogD3D12RHI: Found D3D12 adapter 0: AMD Radeon RX 6650 XT (Max supported Feature Level 12_1)
[2023.04.06-20.55.13:920][  0]LogD3D12RHI: Adapter has 8147MB of dedicated video memory, 0MB of dedicated system memory, and 8144MB of shared system memory, 1 output[s]
[2023.04.06-20.55.14:016][  0]LogD3D12RHI: Found D3D12 adapter 1: Microsoft Basic Render Driver (Max supported Feature Level 12_1)
[2023.04.06-20.55.14:016][  0]LogD3D12RHI: Adapter has 0MB of dedicated video memory, 0MB of dedicated system memory, and 8144MB of shared system memory, 0 output[s]
[2023.04.06-20.55.14:019][  0]LogD3D12RHI: Chosen D3D12 Adapter Id = 0
[2023.04.06-20.55.14:074][  0]LogD3D12RHI: InitD3DDevice: -D3DDebug = off -D3D12GPUValidation = off
[2023.04.06-20.55.14:074][  0]LogD3D12RHI: Emitting draw events for PIX profiling.
[2023.04.06-20.55.14:139][  0]LogD3D12RHI: The system supports ID3D12Device1.
[2023.04.06-20.55.14:139][  0]LogD3D12RHI: The system supports ID3D12Device2.
[2023.04.06-20.55.14:139][  0]LogD3D12RHI: The system supports ID3D12Device5.
[2023.04.06-20.55.14:139][  0]LogD3D12RHI: The system supports ID3D12Device7.
[2023.04.06-20.55.14:139][  0]LogD3D12RHI: D3D12 ray tracing 1.0 is supported.
[2023.04.06-20.55.14:139][  0]LogD3D12RHI: D3D12 ray tracing 1.1 is supported.
[2023.04.06-20.55.14:191][  0]LogD3D12RHI: [GPUBreadCrumb] Successfully setup breadcrumb resource for 3D Queue 0
[2023.04.06-20.55.14:192][  0]LogD3D12RHI: [GPUBreadCrumb] Successfully setup breadcrumb resource for Copy Queue 0
[2023.04.06-20.55.14:193][  0]LogD3D12RHI: [GPUBreadCrumb] Successfully setup breadcrumb resource for Compute Queue 0
[2023.04.06-20.55.14:204][  0]LogD3D12RHI: Display: Not using pipeline state disk cache per r.D3D12.PSO.DiskCache=0
[2023.04.06-20.55.14:204][  0]LogD3D12RHI: Display: Not using driver-optimized pipeline state disk cache per r.D3D12.PSO.DriverOptimizedDiskCache=0
[2023.04.06-20.55.14:259][  0]LogD3D12RHI:     GPU DeviceId: 0x73ef (for the marketing name, search the web for "GPU Device Id")
[2023.04.06-20.55.14:259][  0]LogWindows: EnumDisplayDevices:
[2023.04.06-20.55.14:259][  0]LogWindows:    0. 'AMD Radeon RX 6650 XT' (P:1 D:1)
[2023.04.06-20.55.14:259][  0]LogWindows:    1. 'AMD Radeon RX 6650 XT' (P:0 D:0)
[2023.04.06-20.55.14:259][  0]LogWindows:    2. 'AMD Radeon RX 6650 XT' (P:0 D:0)
[2023.04.06-20.55.14:260][  0]LogWindows:    3. 'AMD Radeon RX 6650 XT' (P:0 D:0)
[2023.04.06-20.55.14:260][  0]LogWindows:    4. 'AMD Radeon RX 6650 XT' (P:0 D:0)
[2023.04.06-20.55.14:260][  0]LogWindows:    5. 'AMD Radeon RX 6650 XT' (P:0 D:0)
[2023.04.06-20.55.14:260][  0]LogWindows: DebugString: FoundDriverCount:6 
[2023.04.06-20.55.14:260][  0]LogD3D12RHI:     Adapter Name: AMD Radeon RX 6650 XT
[2023.04.06-20.55.14:260][  0]LogD3D12RHI:   Driver Version: AMD Software: Adrenalin Edition 22.11.1 (internal:31.0.12029.7019, unified:31.0.12029.7019)
[2023.04.06-20.55.14:260][  0]LogD3D12RHI:      Driver Date: 11-10-2022
[2023.04.06-20.55.14:260][  0]LogRHI: Texture pool is 4648 MB (70% of 6641 MB)
[2023.04.06-20.55.14:260][  0]LogD3D12RHI: Async texture creation enabled
[2023.04.06-20.55.14:260][  0]LogD3D12RHI: RHI has support for 64 bit atomics
[2023.04.06-20.55.14:636][  0]LogTargetPlatformManager: Display: Loaded TargetPlatform 'AllDesktop'
[2023.04.06-20.55.14:677][  0]LogTargetPlatformManager: Display: Loaded TargetPlatform 'Android'
[2023.04.06-20.55.14:677][  0]LogTargetPlatformManager: Display: Loaded TargetPlatform 'Android_ASTC'
[2023.04.06-20.55.14:677][  0]LogTargetPlatformManager: Display: Loaded TargetPlatform 'Android_DXT'
[2023.04.06-20.55.14:677][  0]LogTargetPlatformManager: Display: Loaded TargetPlatform 'Android_ETC2'
[2023.04.06-20.55.14:677][  0]LogTargetPlatformManager: Display: Loaded TargetPlatform 'AndroidClient'
[2023.04.06-20.55.14:677][  0]LogTargetPlatformManager: Display: Loaded TargetPlatform 'Android_ASTCClient'
[2023.04.06-20.55.14:677][  0]LogTargetPlatformManager: Display: Loaded TargetPlatform 'Android_DXTClient'
[2023.04.06-20.55.14:677][  0]LogTargetPlatformManager: Display: Loaded TargetPlatform 'Android_ETC2Client'
[2023.04.06-20.55.14:677][  0]LogTargetPlatformManager: Display: Loaded TargetPlatform 'Android_Multi'
[2023.04.06-20.55.14:677][  0]LogTargetPlatformManager: Display: Loaded TargetPlatform 'Android_MultiClient'
[2023.04.06-20.55.14:737][  0]LogTargetPlatformManager: Display: Loaded TargetPlatform 'IOSClient'
[2023.04.06-20.55.14:737][  0]LogTargetPlatformManager: Display: Loaded TargetPlatform 'IOS'
[2023.04.06-20.55.14:766][  0]LogTargetPlatformManager: Display: Loaded TargetPlatform 'Linux'
[2023.04.06-20.55.14:794][  0]LogTargetPlatformManager: Display: Loaded TargetPlatform 'LinuxNoEditor'
[2023.04.06-20.55.14:814][  0]LogTargetPlatformManager: Display: Loaded TargetPlatform 'LinuxClient'
[2023.04.06-20.55.14:834][  0]LogTargetPlatformManager: Display: Loaded TargetPlatform 'LinuxServer'
[2023.04.06-20.55.14:860][  0]LogTargetPlatformManager: Display: Loaded TargetPlatform 'LinuxAArch64NoEditor'
[2023.04.06-20.55.14:875][  0]LogTargetPlatformManager: Display: Loaded TargetPlatform 'LinuxAArch64Client'
[2023.04.06-20.55.14:891][  0]LogTargetPlatformManager: Display: Loaded TargetPlatform 'LinuxAArch64Server'
[2023.04.06-20.55.14:923][  0]LogTargetPlatformManager: Display: Loaded TargetPlatform 'Lumin'
[2023.04.06-20.55.14:923][  0]LogTargetPlatformManager: Display: Loaded TargetPlatform 'LuminClient'
[2023.04.06-20.55.14:940][  0]LogTargetPlatformManager: Display: Loaded TargetPlatform 'MacNoEditor'
[2023.04.06-20.55.14:948][  0]LogTargetPlatformManager: Display: Loaded TargetPlatform 'Mac'
[2023.04.06-20.55.14:965][  0]LogTargetPlatformManager: Display: Loaded TargetPlatform 'MacClient'
[2023.04.06-20.55.14:982][  0]LogTargetPlatformManager: Display: Loaded TargetPlatform 'MacServer'
[2023.04.06-20.55.14:996][  0]LogTargetPlatformManager: Display: Loaded TargetPlatform 'TVOSClient'
[2023.04.06-20.55.14:996][  0]LogTargetPlatformManager: Display: Loaded TargetPlatform 'TVOS'
[2023.04.06-20.55.15:020][  0]LogTargetPlatformManager: Display: Loaded TargetPlatform 'WindowsNoEditor'
[2023.04.06-20.55.15:040][  0]LogTargetPlatformManager: Display: Loaded TargetPlatform 'Windows'
[2023.04.06-20.55.15:061][  0]LogTargetPlatformManager: Display: Loaded TargetPlatform 'WindowsClient'
[2023.04.06-20.55.15:075][  0]LogTargetPlatformManager: Display: Loaded TargetPlatform 'WindowsServer'
[2023.04.06-20.55.15:075][  0]LogTargetPlatformManager: Display: Building Assets For Windows
[2023.04.06-20.55.15:120][  0]LogAudioDebug: Display: Lib vorbis DLL was dynamically loaded.
[2023.04.06-20.55.15:356][  0]LogTextureFormatOodle: Display: Oodle Texture 2.9.0 init RDO Off
[2023.04.06-20.55.15:887][  0]LogRendererCore: Ray tracing is enabled for the editor. Reason: r.RayTracing=1.
[2023.04.06-20.55.15:895][  0]LogShaderCompilers: Guid format shader working directory is -9 characters bigger than the processId version (../../../../../../Users/lebi8/Documents/GitHub/Studays/Intermediate/Shaders/WorkingDirectory/15676/).
[2023.04.06-20.55.15:895][  0]LogShaderCompilers: Cleaned the shader compiler working directory 'C:/Users/lebi8/AppData/Local/Temp/UnrealShaderWorkingDir/9021C30C4EC8B65139E7648C8B3EFF7F/'.
[2023.04.06-20.55.15:895][  0]LogXGEController: Cannot use XGE Controller as Incredibuild is not installed on this machine.
[2023.04.06-20.55.15:895][  0]LogShaderCompilers: Cannot use XGE Shader Compiler as Incredibuild is not installed on this machine.
[2023.04.06-20.55.15:895][  0]LogShaderCompilers: Display: Using Local Shader Compiler.
[2023.04.06-20.55.17:820][  0]LogDerivedDataCache: Display: Max Cache Size: 512 MB
[2023.04.06-20.55.18:463][  0]LogDerivedDataCache: Loaded boot cache 0.64s 132MB C:/Users/lebi8/AppData/Local/UnrealEngine/4.27/DerivedDataCache/Boot.ddc.
[2023.04.06-20.55.18:463][  0]LogDerivedDataCache: Display: Loaded Boot cache: C:/Users/lebi8/AppData/Local/UnrealEngine/4.27/DerivedDataCache/Boot.ddc
[2023.04.06-20.55.18:463][  0]LogDerivedDataCache: FDerivedDataBackendGraph:  Pak pak cache file ../../../../../../Users/lebi8/Documents/GitHub/Studays/DerivedDataCache/DDC.ddp not found, will not use a pak cache.
[2023.04.06-20.55.18:463][  0]LogDerivedDataCache: Unable to find inner node Pak for hierarchical cache Hierarchy.
[2023.04.06-20.55.18:464][  0]LogDerivedDataCache: FDerivedDataBackendGraph:  CompressedPak pak cache file ../../../../../../Users/lebi8/Documents/GitHub/Studays/DerivedDataCache/Compressed.ddp not found, will not use a pak cache.
[2023.04.06-20.55.18:464][  0]LogDerivedDataCache: Unable to find inner node CompressedPak for hierarchical cache Hierarchy.
[2023.04.06-20.55.18:482][  0]LogDerivedDataCache: Display: Pak cache opened for reading ../../../Engine/DerivedDataCache/Compressed.ddp.
[2023.04.06-20.55.18:482][  0]LogDerivedDataCache: FDerivedDataBackendGraph:  EnterprisePak pak cache file ../../../Enterprise/DerivedDataCache/Compressed.ddp not found, will not use a pak cache.
[2023.04.06-20.55.18:482][  0]LogDerivedDataCache: Unable to find inner node EnterprisePak for hierarchical cache Hierarchy.
[2023.04.06-20.55.18:514][  0]LogDerivedDataCache: Speed tests for C:/Users/lebi8/AppData/Local/UnrealEngine/Common/DerivedDataCache took 0.03 seconds
[2023.04.06-20.55.18:514][  0]LogDerivedDataCache: Display: Performance to C:/Users/lebi8/AppData/Local/UnrealEngine/Common/DerivedDataCache: Latency=0.04ms. RandomReadSpeed=32.84MBs, RandomWriteSpeed=266.59MBs. Assigned SpeedClass 'Local'
[2023.04.06-20.55.18:515][  0]LogDerivedDataCache: Using Local data cache path C:/Users/lebi8/AppData/Local/UnrealEngine/Common/DerivedDataCache: Writable
[2023.04.06-20.55.18:515][  0]LogDerivedDataCache: Shared data cache path not found in *engine.ini, will not use an Shared cache.
[2023.04.06-20.55.18:515][  0]LogDerivedDataCache: Unable to find inner node Shared for hierarchical cache Hierarchy.
[2023.04.06-20.55.18:561][  0]LogSlate: Using FreeType 2.10.0
[2023.04.06-20.55.18:563][  0]LogSlate: SlateFontServices - WITH_FREETYPE: 1, WITH_HARFBUZZ: 1
[2023.04.06-20.55.18:633][  0]LogAssetRegistry: FAssetRegistry took 0.0024 seconds to start up
[2023.04.06-20.55.19:088][  0]LogInit: Selected Device Profile: [Windows]
[2023.04.06-20.55.19:088][  0]LogInit: Active device profile: [000002B3BB75F400][000002B3B2B55840 49] Windows
[2023.04.06-20.55.19:088][  0]LogInit: Profiles: [000002B3BB75F400][000002B3B2B55840 49] Windows, [000002B3BB728E00][000002B3B2B5D9C0 49] WindowsNoEditor, [000002B3BB75CE00][000002B3B9075B40 49] WindowsServer, [000002B3BB72A900][000002B3B2B58100 49] WindowsClient, [000002B3BB75E900][000002B3B9078240 49] IOS, [000002B3BB72B300][000002B3B907C380 49] iPadAir, [000002B3BB75F200][000002B3B9084500 49] iPadAir2, [000002B3BB6BF500][000002B3B908C7C0 49] IPadPro, [000002B3BB6BF600][000002B3B9088800 49] iPadAir3, [000002B3BB75C300][000002B3B9090980 49] iPadAir4, [000002B3BB6BD300][000002B3B9094B00 49] iPadMini2, [000002B3BB75DA00][000002B3B9098C80 49] iPadMini3, [000002B3BB6BCB00][000002B3B909CE00 49] iPadMini4, [000002B3BB75C700][000002B3B9A8EF80 49] iPadMini5, [000002B3BB71A700][000002B3B9A97240 49] iPhone6, [000002B3BB71A800][000002B3B9A93280 49] iPodTouch6, [000002B3BB6BE100][000002B3B9A9F540 49] iPhone7, [000002B3BB6BE200][000002B3B9A9B580 49] iPodTouch7, [000002B3BB719200][000002B3B9AA3700 49] iPhone5S, [000002B3BB6BDD00][000002B3B9AA7880 49] iPhone6Plus, [000002B3BB71A500][000002B3B9AABA00 49] iPhone6S, [000002B3BB6BF800][000002B3B9AAFB80 49] iPhone6SPlus, [000002B3BB71B800][000002B3B9AB2180 49] iPhone7Plus, [000002B3BB6BD200][000002B3B90802C0 49] iPhoneSE, [000002B3BB718300][000002B3B9AB6400 49] iPhone8, [000002B3BB6BFA00][000002B3B9ABA540 49] iPhone8Plus, [000002B3BB718100][000002B3B9AC26C0 49] iPhoneX, [000002B3BB6BE300][000002B3B9AC6840 49] iPhoneXS, [000002B3BB718A00][000002B3B9ACA9C0 49] iPhoneXSMax, [000002B3BB6BCF00][000002B3B9ACEB40 49] iPhoneXR, [000002B3BB71B700][000002B3B9AD2CC0 49] iPhone11, [000002B3BB6BED00][000002B3B9AD6E40 49] iPhone11Pro, [000002B3BB71A900][000002B3B9ADAFC0 49] iPhone11ProMax, [000002B3BB6BF700][000002B3B9ADF140 49] iPhoneSE2, [000002B3BB71AD00][000002B3B9AE32C0 49] iPhone12Mini, [000002B3BB6BFD00][000002B3B9AE7440 49] iPhone12, [000002B3BB719900][000002B3B9AEB5C0 49] iPhone12Pro, [000002B3BB6BD000][000002B3B9AEF740 49] iPhone12ProMax, [000002B3BB71BF00][000002B3B9AF38C0 49] iPadPro105, [000002B3BB6BE400][000002B3B9AF7A40 49] iPadPro129, [000002B3BB719D00][000002B3B9AFBBC0 49] iPadPro97, [000002B3BB6BDA00][000002B3B9AFE1C0 49] iPadPro2_129, [000002B3BB719C00][000002B3B9B02340 49] iPad5, [000002B3BB6BC800][000002B3B9ABE480 49] iPad6, [000002B3BB71B900][000002B3B9B065C0 49] iPad7, [000002B3BB6BCE00][000002B3B9B0A700 49] iPad8, [000002B3BB71B600][000002B3B9B0E840 49] iPadPro11, [000002B3BB6BDB00][000002B3B9B169C0 49] iPadPro2_11, [000002B3BB718700][000002B3B9B1AB40 49] iPadPro3_129, [000002B3BB6BEE00][000002B3B9B1ECC0 49] iPadPro4_129, [000002B3BB71AC00][000002B3B9B22E40 49] AppleTV, [000002B3BB6BF000][000002B3B9B26FC0 49] AppleTV4K, [000002B3BB728100][000002B3B9B2B140 49] TVOS, [000002B3BB79C800][000002B3B9B2F2C0 49] Mac, [000002B3BB729600][000002B3B9B33440 49] MacClient, [000002B3BB79CC00][000002B3B9B375C0 49] MacNoEditor, [000002B3BB728C00][000002B3B9B3B740 49] MacServer, [000002B3BB79DC00][000002B3B9B3F8C0 49] Linux, [000002B3BB728500][000002B3B9B43A40 49] LinuxAArch64, [000002B3BB79D000][000002B3B9B47BC0 49] LinuxNoEditor, [000002B3BB728700][000002B3B9B4A1C0 49] LinuxAArch64NoEditor, [000002B3BB79C200][000002B3B9B4E340 49] LinuxClient, [000002B3BB72B000][000002B3B9B524C0 49] LinuxAArch64Client, [000002B3BB79D700][000002B3B9B12600 49] LinuxServer, [000002B3BB72A500][000002B3B9B56740 49] LinuxAArch64Server, [000002B3BB79DB00][000002B3B9B5A880 49] Android, [000002B3BB729500][000002B3B9B5E9C0 49] Android_Low, [000002B3BB79DE00][000002B3B9B66B40 49] Android_Mid, [000002B3BB728900][000002B3B9B6ACC0 49] Android_High, [000002B3BB79CA00][000002B3B9B6EE40 49] Android_Default, [000002B3BB72AF00][000002B3B9B72FC0 49] Android_Adreno4xx, [000002B3BB79C400][000002B3B9B77140 49] Android_Adreno5xx_Low, [000002B3BB728A00][000002B3B9B7B2C0 49] Android_Adreno5xx, [000002B3BB79D100][000002B3B9B7F440 49] Android_Adreno6xx, [000002B3BB6BD900][000002B3B9B835C0 49] Android_Adreno6xx_Vulkan, [000002B3BB718500][000002B3B9B87740 49] Android_Mali_T6xx, [000002B3BB6BDE00][000002B3B9B8B8C0 49] Android_Mali_T7xx, [000002B3BB719300][000002B3B9B8FA40 49] Android_Mali_T8xx, [000002B3BB6BCD00][000002B3B9B93BC0 49] Android_Mali_G71, [000002B3BB79DD00][000002B3B9B961C0 49] Android_Mali_G72, [000002B3BB6BC300][000002B3B9B9A340 49] Android_Mali_G72_Vulkan, [000002B3BB79E400][000002B3B9B9E4C0 49] Android_Mali_G76, [000002B3BB6BEF00][000002B3B9BA2640 49] Android_Mali_G76_Vulkan, [000002B3BB79E600][000002B3B9BA67C0 49] Android_Mali_G77, [000002B3BB6BD500][000002B3B9B62900 49] Android_Mali_G77_Vulkan, [000002B3BB79E500][000002B3B9BAAA40 49] Android_Mali_G78, [000002B3BB6BD700][000002B3B9BAEB80 49] Android_Mali_G78_Vulkan, [000002B3BB79D900][000002B3B9BB6D00 49] Android_Mali_G710, [000002B3BB6BF400][000002B3B9BBAE80 49] Android_Mali_G710_Vulkan, [000002B3BB79C600][000002B3B9BBF000 49] Android_Vulkan_SM5, [000002B3BB6BC200][000002B3B9BC3180 49] Android_PowerVR_G6xxx, [000002B3BB79E300][000002B3B9BC7300 49] Android_PowerVR_GT7xxx, [000002B3BB6BC100][000002B3B9BCB480 49] Android_PowerVR_GE8xxx, [000002B3BB79CE00][000002B3B9BCF600 49] Android_PowerVR_GM9xxx, [000002B3BB6BEC00][000002B3B9BD3780 49] Android_PowerVR_GM9xxx_Vulkan, [000002B3BB79D200][000002B3B9BD7900 49] Android_TegraK1, [000002B3BB6BCC00][000002B3B9BDBA80 49] Android_Unknown_Vulkan, [000002B3BB79E100][000002B3B9BDFC00 49] Lumin, [000002B3BB6BE000][000002B3B9BE2200 49] Lumin_Desktop, [000002B3BB71A600][000002B3B9BE6380 49] HoloLens, 
[2023.04.06-20.55.19:461][  0]LogMeshReduction: Using QuadricMeshReduction for automatic static mesh reduction
[2023.04.06-20.55.19:461][  0]LogMeshReduction: Using SimplygonMeshReduction for automatic skeletal mesh reduction
[2023.04.06-20.55.19:461][  0]LogMeshReduction: Using ProxyLODMeshReduction for automatic mesh merging
[2023.04.06-20.55.19:461][  0]LogMeshReduction: No distributed automatic mesh merging module available
[2023.04.06-20.55.19:466][  0]LogMeshMerging: No distributed automatic mesh merging module available
[2023.04.06-20.55.19:569][  0]LogNetVersion: StudaysAlpha2104 1.0.0, NetCL: 17155196, EngineNetVer: 17, GameNetVer: 0 (Checksum: 1434792654)
[2023.04.06-20.55.21:016][  0]LogTexture: Default maximum texture size for cubemaps generated from long-lat sources has been changed from 512 to unlimited. In order to preserve old behaiour for '/Engine/MapTemplates/Sky/DaylightAmbientCubemap.DaylightAmbientCubemap', its maximum texture size has been explicitly set to 512.
[2023.04.06-20.55.21:152][  0]LogHMD: PokeAHoleMaterial loaded successfully
[2023.04.06-20.55.21:161][  0]LogUObjectArray: 17178 objects as part of root set at end of initial load.
[2023.04.06-20.55.21:161][  0]LogUObjectAllocator: 4302048 out of 0 bytes used by permanent object pool.
[2023.04.06-20.55.21:161][  0]LogUObjectArray: CloseDisregardForGC: 0/0 objects in disregard for GC pool
[2023.04.06-20.55.21:765][  0]LogD3D12RHI: Creating RTPSO with 3 shaders (0 cached, 3 new) took 16.99 ms. Compile time 8.64 ms, link time 8.33 ms.
[2023.04.06-20.55.21:780][  0]LogD3D12RHI: Creating RTPSO with 3 shaders (1 cached, 2 new) took 15.16 ms. Compile time 7.16 ms, link time 7.99 ms.
[2023.04.06-20.55.21:919][  0]LogStreaming: Warning: Failed to read file '../../../Engine/Plugins/Narrative 4.27 v2.0/Content/DialogueEditor/Icons/ShowDialogueDetails_40x.png' error.
[2023.04.06-20.55.21:919][  0]LogSlate: Could not find file for Slate resource: ../../../Engine/Plugins/Narrative 4.27 v2.0/Content/DialogueEditor/Icons/ShowDialogueDetails_40x.png
[2023.04.06-20.55.22:565][  0]LogNiagaraDebuggerClient: Niagara Debugger Client Initialized | Session: B0F441D2433CFD602E808689938C994C | Instance: 55F6BAF34F9893A38E2E5CA2826389DC (DESKTOP-0QGCHFI-15676).
[2023.04.06-20.55.22:874][  0]LogPython: Using Python 3.7.7
[2023.04.06-20.55.24:426][  0]LogUdpMessaging: Initializing bridge on interface 0.0.0.0:0 to multicast group 230.0.0.1:6666.
[2023.04.06-20.55.24:501][  0]LogTcpMessaging: Initializing TcpMessaging bridge
[2023.04.06-20.55.25:042][  0]LogNarrativeRuntime: Warning: Narrative Runtime loaded.
[2023.04.06-20.55.26:731][  0]SourceControl: Source control is disabled
[2023.04.06-20.55.26:731][  0]SourceControl: Source control is disabled
[2023.04.06-20.55.26:911][  0]SourceControl: Source control is disabled
[2023.04.06-20.55.26:974][  0]SourceControl: Source control is disabled
[2023.04.06-20.55.27:086][  0]SourceControl: Source control is disabled
[2023.04.06-20.55.27:236][  0]LogUProjectInfo: Found projects:
[2023.04.06-20.55.27:286][  0]LogVSAccessor: Display: Unable to create Visual Studio setup instance: 80040154
[2023.04.06-20.55.27:286][  0]LogVSAccessor: Display: Unable to create Visual Studio setup instance: 80040154
[2023.04.06-20.55.27:286][  0]LogVSAccessor: Display: Unable to create Visual Studio setup instance: 80040154
[2023.04.06-20.55.28:758][  0]LogOpenImageDenoise: OIDN starting up
[2023.04.06-20.55.28:873][  0]LogAndroidPermission: UAndroidPermissionCallbackProxy::GetInstance
[2023.04.06-20.55.28:898][  0]LogAudioCaptureCore: Display: No Audio Capture implementations found. Audio input will be silent.
[2023.04.06-20.55.28:898][  0]LogAudioCaptureCore: Display: No Audio Capture implementations found. Audio input will be silent.
[2023.04.06-20.55.29:088][  0]LogCollectionManager: Loaded 0 collections in 0.001434 seconds
[2023.04.06-20.55.29:121][  0]LogFileCache: Scanning file cache for directory 'C:/Users/lebi8/Documents/GitHub/Studays/Saved/Collections/' took 0.00s
[2023.04.06-20.55.29:121][  0]LogFileCache: Scanning file cache for directory 'C:/Users/lebi8/Documents/GitHub/Studays/Content/Developers/lebi8/Collections/' took 0.00s
[2023.04.06-20.55.29:121][  0]LogFileCache: Scanning file cache for directory 'C:/Users/lebi8/Documents/GitHub/Studays/Content/Collections/' took 0.00s
[2023.04.06-20.55.29:121][  0]LogOcInput: OculusInput pre-init called
[2023.04.06-20.55.29:335][  0]LogStreaming: Warning: Failed to read file '../../../Engine/Plugins/Narrative 4.27 v2.0/Content/DialogueEditor/Icons/ShowDialogueDetails_40x.png' error.
[2023.04.06-20.55.29:335][  0]LogSlate: Could not find file for Slate resource: ../../../Engine/Plugins/Narrative 4.27 v2.0/Content/DialogueEditor/Icons/ShowDialogueDetails_40x.png
[2023.04.06-20.55.29:335][  0]LogClass: Warning: EnumProperty FNarrativeUpdate::UpdateType is not initialized properly even though its struct probably has a custom default constructor. Module:Narrative File:Public/NarrativeComponent.h
[2023.04.06-20.55.29:340][  0]LogClass: Display: 1 Uninitialized script struct members found including 0 object properties
[2023.04.06-20.55.29:340][  0]LogAutomationTest: Warning: Failed to read file '../../../Engine/Plugins/Narrative 4.27 v2.0/Content/DialogueEditor/Icons/ShowDialogueDetails_40x.png' error.
[2023.04.06-20.55.29:340][  0]LogAutomationTest: Warning: EnumProperty FNarrativeUpdate::UpdateType is not initialized properly even though its struct probably has a custom default constructor. Module:Narrative File:Public/NarrativeComponent.h
[2023.04.06-20.55.29:345][  0]LogEngine: Initializing Engine...
[2023.04.06-20.55.29:352][  0]LogHMD: Failed to enumerate extensions. Please check that you have a valid OpenXR runtime installed.
[2023.04.06-20.55.29:353][  0]LogHMD: Failed to initialize OpenVR with code 110
[2023.04.06-20.55.29:353][  0]LogMagicLeap: Warning: VR disabled because ZI is not enabled.  To enable, in the editor, Edit -> Project Settings -> Plugins -> Magic Leap Plugin -> Enable Zero Iteration
[2023.04.06-20.55.29:355][  0]LogStats: UGameplayTagsManager::InitializeManager -  0.000 s
[2023.04.06-20.55.29:486][  0]LogInit: Initializing FReadOnlyCVARCache
[2023.04.06-20.55.29:518][  0]LogAIModule: Creating AISystem for world Untitled
[2023.04.06-20.55.29:521][  0]LogAudio: Display: Initializing Audio Device Manager...
[2023.04.06-20.55.29:525][  0]LogAudio: Display: Loading Default Audio Settings Objects...
[2023.04.06-20.55.29:526][  0]LogAudio: Display: No default SoundConcurrencyObject specified (or failed to load).
[2023.04.06-20.55.29:527][  0]LogAudio: Display: Audio Device Manager Initialized
[2023.04.06-20.55.29:527][  0]LogAudio: Display: Creating Audio Device:                 Id: 1, Scope: Shared, Realtime: True
[2023.04.06-20.55.29:527][  0]LogAudioMixer: Display: Audio Mixer Platform Settings:
[2023.04.06-20.55.29:527][  0]LogAudioMixer: Display: 	Sample Rate:						  48000
[2023.04.06-20.55.29:527][  0]LogAudioMixer: Display: 	Callback Buffer Frame Size Requested: 1024
[2023.04.06-20.55.29:527][  0]LogAudioMixer: Display: 	Callback Buffer Frame Size To Use:	  1024
[2023.04.06-20.55.29:527][  0]LogAudioMixer: Display: 	Number of buffers to queue:			  2
[2023.04.06-20.55.29:527][  0]LogAudioMixer: Display: 	Max Channels (voices):				  32
[2023.04.06-20.55.29:527][  0]LogAudioMixer: Display: 	Number of Async Source Workers:		  0
[2023.04.06-20.55.29:527][  0]LogAudio: Display: AudioDevice MaxSources: 32
[2023.04.06-20.55.29:528][  0]LogAudio: Display: Audio Spatialization Plugin: None (built-in).
[2023.04.06-20.55.29:528][  0]LogAudio: Display: Audio Reverb Plugin: None (built-in).
[2023.04.06-20.55.29:528][  0]LogAudio: Display: Audio Occlusion Plugin: None (built-in).
[2023.04.06-20.55.29:528][  0]LogAudioMixer: Display: Initializing audio mixer.
[2023.04.06-20.55.29:545][  0]LogAudioMixer: Display: 0: FrontLeft
[2023.04.06-20.55.29:545][  0]LogAudioMixer: Display: 1: FrontRight
[2023.04.06-20.55.29:560][  0]LogAudioMixer: Display: Using Audio Device Realtek HD Audio 2nd output (Realtek(R) Audio)
[2023.04.06-20.55.29:563][  0]LogAudioMixer: Display: Initializing Sound Submixes...
[2023.04.06-20.55.29:565][  0]LogAudioMixer: Display: Creating Master Submix 'MasterSubmixDefault'
[2023.04.06-20.55.29:565][  0]LogAudioMixer: Display: Creating Master Submix 'MasterReverbSubmixDefault'
[2023.04.06-20.55.29:566][  0]LogAudioMixer: Display: Creating Master Submix 'MasterEQSubmixDefault'
[2023.04.06-20.55.29:566][  0]LogAudioMixer: FMixerPlatformXAudio2::StartAudioStream() called
[2023.04.06-20.55.29:566][  0]LogAudioMixer: Display: Output buffers initialized: Frames=1024, Channels=2, Samples=2048
[2023.04.06-20.55.29:567][  0]LogAudioMixer: Display: Starting AudioMixerPlatformInterface::RunInternal()
[2023.04.06-20.55.29:567][  0]LogAudioMixer: Display: FMixerPlatformXAudio2::SubmitBuffer() called for the first time
[2023.04.06-20.55.29:567][  0]LogInit: FAudioDevice initialized.
[2023.04.06-20.55.29:568][  0]LogAudio: Display: Audio Device (ID: 1) registered with world 'Untitled'.
[2023.04.06-20.55.29:568][  0]LogNetVersion: Set ProjectVersion to 1.0.0.0. Version Checksum will be recalculated on next use.
[2023.04.06-20.55.29:701][  0]LogDerivedDataCache: Saved boot cache 0.13s 110MB C:/Users/lebi8/AppData/Local/UnrealEngine/4.27/DerivedDataCache/Boot.ddc.
[2023.04.06-20.55.29:704][  0]LogInit: Texture streaming: Enabled
[2023.04.06-20.55.29:719][  0]LogAnalytics: Display: [UEEditor.Rocket.Release] APIServer = https://datarouter.ol.epicgames.com/. AppVersion = 4.27.2-18319896+++UE4+Release-4.27
[2023.04.06-20.55.29:723][  0]LogEngineSessionManager: EngineSessionManager initialized
[2023.04.06-20.55.29:723][  0]LogEditorSessionSummary: Verbose: Initializing EditorSessionSummaryWriter for editor session tracking
[2023.04.06-20.55.29:726][  0]LogEditorSessionSummary: EditorSessionSummaryWriter initialized
[2023.04.06-20.55.29:757][  0]LogInit: Transaction tracking system initialized
[2023.04.06-20.55.29:796][  0]BlueprintLog: New page: Editor Load
[2023.04.06-20.55.29:912][  0]LocalizationService: Localization service is disabled
[2023.04.06-20.55.29:960][  0]TimingProfiler: Initialize
[2023.04.06-20.55.29:963][  0]TimingProfiler: OnSessionChanged
[2023.04.06-20.55.29:963][  0]LoadingProfiler: Initialize
[2023.04.06-20.55.29:963][  0]LoadingProfiler: OnSessionChanged
[2023.04.06-20.55.29:964][  0]NetworkingProfiler: Initialize
[2023.04.06-20.55.29:964][  0]NetworkingProfiler: OnSessionChanged
[2023.04.06-20.55.29:964][  0]MemoryProfiler: Initialize
[2023.04.06-20.55.29:964][  0]MemoryProfiler: OnSessionChanged
[2023.04.06-20.55.30:048][  0]LogVSAccessor: Display: Unable to create Visual Studio setup instance: 80040154
[2023.04.06-20.55.30:048][  0]LogVSAccessor: Display: Unable to create Visual Studio setup instance: 80040154
[2023.04.06-20.55.30:049][  0]LogVSAccessor: Display: Unable to create Visual Studio setup instance: 80040154
[2023.04.06-20.55.30:157][  0]LogCook: Display: CookSettings for Memory: MemoryMaxUsedVirtual 0MiB, MemoryMaxUsedPhysical 16384MiB, MemoryMinFreeVirtual 0MiB, MemoryMinFreePhysical 1024MiB
[2023.04.06-20.55.30:157][  0]LogCook: Display: Mobile HDR setting 1
[2023.04.06-20.55.30:444][  0]LogFileCache: Scanning file cache for directory 'C:/Users/lebi8/Documents/GitHub/Studays/Content/' took 0.03s
[2023.04.06-20.55.30:554][  0]LogStreaming: Warning: Failed to read file '../../../Engine/Plugins/Narrative 4.27 v2.0/Content/DialogueEditor/Icons/ShowDialogueDetails_40x.png' error.
[2023.04.06-20.55.30:554][  0]LogSlate: Could not find file for Slate resource: ../../../Engine/Plugins/Narrative 4.27 v2.0/Content/DialogueEditor/Icons/ShowDialogueDetails_40x.png
[2023.04.06-20.55.30:563][  0]LogInit: Display: Engine is initialized. Leaving FEngineLoop::Init()
[2023.04.06-20.55.30:569][  0]SourceControl: Source control is disabled
[2023.04.06-20.55.30:569][  0]LogUnrealEdMisc: Loading editor; pre map load, took 25.791
[2023.04.06-20.55.30:571][  0]Cmd: MAP LOAD FILE="../../../../../../Users/lebi8/Documents/GitHub/Studays/Content/ThirdPersonBP/Maps/MainMenu.umap" TEMPLATE=0 SHOWPROGRESS=1 FEATURELEVEL=3
[2023.04.06-20.55.30:571][  0]LightingResults: New page: Lighting Build
[2023.04.06-20.55.30:575][  0]LogWorld: UWorld::CleanupWorld for Untitled, bSessionEnded=true, bCleanupResources=true
[2023.04.06-20.55.30:576][  0]LogSlate: InvalidateAllWidgets triggered.  All widgets were invalidated
[2023.04.06-20.55.30:577][  0]MapCheck: New page: Map Check
[2023.04.06-20.55.30:577][  0]LightingResults: New page: Lighting Build
[2023.04.06-20.55.30:583][  0]LogAudio: Display: Audio Device unregistered from world 'None'.
[2023.04.06-20.55.30:587][  0]LogUObjectHash: Compacting FUObjectHashTables data took   0.71ms
[2023.04.06-20.55.30:732][  0]LogAudio: Display: Audio Device (ID: 1) registered with world 'MainMenu'.
[2023.04.06-20.55.30:733][  0]LogAIModule: Creating AISystem for world MainMenu
[2023.04.06-20.55.30:743][  0]LogEditorServer: Finished looking for orphan Actors (0.000 secs)
[2023.04.06-20.55.30:753][  0]LogUObjectHash: Compacting FUObjectHashTables data took   0.78ms
[2023.04.06-20.55.30:754][  0]Cmd: MAP CHECKDEP NOCLEARLOG
[2023.04.06-20.55.30:755][  0]MapCheck: Map check complete: 0 Error(s), 0 Warning(s), took 0,124ms to complete.
[2023.04.06-20.55.30:755][  0]LogFileHelpers: Loading map 'MainMenu' took 0.184
[2023.04.06-20.55.30:780][  0]LogUnrealEdMisc: Total Editor Startup Time, took 26.001
[2023.04.06-20.55.30:919][  0]LogSlate: Updating window title bar state: overlay mode, drag disabled, window buttons hidden, title bar hidden
[2023.04.06-20.55.30:924][  0]LogSlate: Updating window title bar state: overlay mode, drag disabled, window buttons hidden, title bar hidden
[2023.04.06-20.55.30:929][  0]LogSlate: Updating window title bar state: overlay mode, drag disabled, window buttons hidden, title bar hidden
[2023.04.06-20.55.30:933][  0]LogSlate: Updating window title bar state: overlay mode, drag disabled, window buttons hidden, title bar hidden
[2023.04.06-20.55.30:968][  0]LogNativeClassHierarchy: Verbose: Native class hierarchy populated in 0.0081 seconds. Added 3901 classes and 951 folders.
[2023.04.06-20.55.30:974][  0]LogNativeClassHierarchy: Verbose: Native class hierarchy updated for 'WidgetCarousel' in 0.0002 seconds. Added 0 classes and 0 folders.
[2023.04.06-20.55.30:975][  0]LogPakFile: PakFile PrimaryIndexSize=187
[2023.04.06-20.55.30:975][  0]LogPakFile: PakFile PathHashIndexSize=101
[2023.04.06-20.55.30:975][  0]LogPakFile: PakFile FullDirectoryIndexSize=148
[2023.04.06-20.55.30:976][  0]LogShaderLibrary: Display: ShaderCodeLibraryPakFileMountedCallback: PakFile 'C:/Program Files/Epic Games/UE_4.27/FeaturePacks/FP_FirstPerson.upack' (chunk index -1, root 'root:/') mounted
[2023.04.06-20.55.30:976][  0]LogShaderLibrary: Display: ShaderCodeLibraryPakFileMountedCallback: pending pak file info (ChunkID:-1 Root:root:/ File:C:/Program Files/Epic Games/UE_4.27/FeaturePacks/FP_FirstPerson.upack)
[2023.04.06-20.55.30:976][  0]LogPakFile: OnPakFileMounted2Time == 0.000042
[2023.04.06-20.55.30:978][  0]LogPakFile: PakFile PrimaryIndexSize=189
[2023.04.06-20.55.30:978][  0]LogPakFile: PakFile PathHashIndexSize=101
[2023.04.06-20.55.30:978][  0]LogPakFile: PakFile FullDirectoryIndexSize=152
[2023.04.06-20.55.30:978][  0]LogShaderLibrary: Display: ShaderCodeLibraryPakFileMountedCallback: PakFile 'C:/Program Files/Epic Games/UE_4.27/FeaturePacks/FP_FirstPersonBP.upack' (chunk index -1, root 'root:/') mounted
[2023.04.06-20.55.30:978][  0]LogShaderLibrary: Display: ShaderCodeLibraryPakFileMountedCallback: pending pak file info (ChunkID:-1 Root:root:/ File:C:/Program Files/Epic Games/UE_4.27/FeaturePacks/FP_FirstPersonBP.upack)
[2023.04.06-20.55.30:978][  0]LogPakFile: OnPakFileMounted2Time == 0.000033
[2023.04.06-20.55.30:979][  0]LogPakFile: PakFile PrimaryIndexSize=191
[2023.04.06-20.55.30:979][  0]LogPakFile: PakFile PathHashIndexSize=101
[2023.04.06-20.55.30:979][  0]LogPakFile: PakFile FullDirectoryIndexSize=160
[2023.04.06-20.55.30:979][  0]LogShaderLibrary: Display: ShaderCodeLibraryPakFileMountedCallback: PakFile 'C:/Program Files/Epic Games/UE_4.27/FeaturePacks/MobileStarterContent.upack' (chunk index -1, root 'root:/') mounted
[2023.04.06-20.55.30:979][  0]LogShaderLibrary: Display: ShaderCodeLibraryPakFileMountedCallback: pending pak file info (ChunkID:-1 Root:root:/ File:C:/Program Files/Epic Games/UE_4.27/FeaturePacks/MobileStarterContent.upack)
[2023.04.06-20.55.30:979][  0]LogPakFile: OnPakFileMounted2Time == 0.000025
[2023.04.06-20.55.30:981][  0]LogPakFile: PakFile PrimaryIndexSize=185
[2023.04.06-20.55.30:981][  0]LogPakFile: PakFile PathHashIndexSize=101
[2023.04.06-20.55.30:981][  0]LogPakFile: PakFile FullDirectoryIndexSize=148
[2023.04.06-20.55.30:981][  0]LogShaderLibrary: Display: ShaderCodeLibraryPakFileMountedCallback: PakFile 'C:/Program Files/Epic Games/UE_4.27/FeaturePacks/StarterContent.upack' (chunk index -1, root 'root:/') mounted
[2023.04.06-20.55.30:981][  0]LogShaderLibrary: Display: ShaderCodeLibraryPakFileMountedCallback: pending pak file info (ChunkID:-1 Root:root:/ File:C:/Program Files/Epic Games/UE_4.27/FeaturePacks/StarterContent.upack)
[2023.04.06-20.55.30:981][  0]LogPakFile: OnPakFileMounted2Time == 0.000026
[2023.04.06-20.55.30:982][  0]LogPakFile: PakFile PrimaryIndexSize=190
[2023.04.06-20.55.30:982][  0]LogPakFile: PakFile PathHashIndexSize=101
[2023.04.06-20.55.30:982][  0]LogPakFile: PakFile FullDirectoryIndexSize=154
[2023.04.06-20.55.30:982][  0]LogShaderLibrary: Display: ShaderCodeLibraryPakFileMountedCallback: PakFile 'C:/Program Files/Epic Games/UE_4.27/FeaturePacks/TP_2DSideScroller.upack' (chunk index -1, root 'root:/') mounted
[2023.04.06-20.55.30:982][  0]LogShaderLibrary: Display: ShaderCodeLibraryPakFileMountedCallback: pending pak file info (ChunkID:-1 Root:root:/ File:C:/Program Files/Epic Games/UE_4.27/FeaturePacks/TP_2DSideScroller.upack)
[2023.04.06-20.55.30:982][  0]LogPakFile: OnPakFileMounted2Time == 0.000024
[2023.04.06-20.55.30:984][  0]LogPakFile: PakFile PrimaryIndexSize=192
[2023.04.06-20.55.30:984][  0]LogPakFile: PakFile PathHashIndexSize=101
[2023.04.06-20.55.30:984][  0]LogPakFile: PakFile FullDirectoryIndexSize=158
[2023.04.06-20.55.30:984][  0]LogShaderLibrary: Display: ShaderCodeLibraryPakFileMountedCallback: PakFile 'C:/Program Files/Epic Games/UE_4.27/FeaturePacks/TP_2DSideScrollerBP.upack' (chunk index -1, root 'root:/') mounted
[2023.04.06-20.55.30:984][  0]LogShaderLibrary: Display: ShaderCodeLibraryPakFileMountedCallback: pending pak file info (ChunkID:-1 Root:root:/ File:C:/Program Files/Epic Games/UE_4.27/FeaturePacks/TP_2DSideScrollerBP.upack)
[2023.04.06-20.55.30:984][  0]LogPakFile: OnPakFileMounted2Time == 0.000023
[2023.04.06-20.55.30:985][  0]LogPakFile: PakFile PrimaryIndexSize=182
[2023.04.06-20.55.30:985][  0]LogPakFile: PakFile PathHashIndexSize=101
[2023.04.06-20.55.30:986][  0]LogPakFile: PakFile FullDirectoryIndexSize=138
[2023.04.06-20.55.30:986][  0]LogShaderLibrary: Display: ShaderCodeLibraryPakFileMountedCallback: PakFile 'C:/Program Files/Epic Games/UE_4.27/FeaturePacks/TP_Flying.upack' (chunk index -1, root 'root:/') mounted
[2023.04.06-20.55.30:986][  0]LogShaderLibrary: Display: ShaderCodeLibraryPakFileMountedCallback: pending pak file info (ChunkID:-1 Root:root:/ File:C:/Program Files/Epic Games/UE_4.27/FeaturePacks/TP_Flying.upack)
[2023.04.06-20.55.30:986][  0]LogPakFile: OnPakFileMounted2Time == 0.000024
[2023.04.06-20.55.30:987][  0]LogPakFile: PakFile PrimaryIndexSize=184
[2023.04.06-20.55.30:987][  0]LogPakFile: PakFile PathHashIndexSize=101
[2023.04.06-20.55.30:987][  0]LogPakFile: PakFile FullDirectoryIndexSize=142
[2023.04.06-20.55.30:987][  0]LogShaderLibrary: Display: ShaderCodeLibraryPakFileMountedCallback: PakFile 'C:/Program Files/Epic Games/UE_4.27/FeaturePacks/TP_FlyingBP.upack' (chunk index -1, root 'root:/') mounted
[2023.04.06-20.55.30:987][  0]LogShaderLibrary: Display: ShaderCodeLibraryPakFileMountedCallback: pending pak file info (ChunkID:-1 Root:root:/ File:C:/Program Files/Epic Games/UE_4.27/FeaturePacks/TP_FlyingBP.upack)
[2023.04.06-20.55.30:987][  0]LogPakFile: OnPakFileMounted2Time == 0.000023
[2023.04.06-20.55.30:988][  0]LogPakFile: PakFile PrimaryIndexSize=188
[2023.04.06-20.55.30:988][  0]LogPakFile: PakFile PathHashIndexSize=101
[2023.04.06-20.55.30:988][  0]LogPakFile: PakFile FullDirectoryIndexSize=150
[2023.04.06-20.55.30:988][  0]LogShaderLibrary: Display: ShaderCodeLibraryPakFileMountedCallback: PakFile 'C:/Program Files/Epic Games/UE_4.27/FeaturePacks/TP_HandheldARBP.upack' (chunk index -1, root 'root:/') mounted
[2023.04.06-20.55.30:988][  0]LogShaderLibrary: Display: ShaderCodeLibraryPakFileMountedCallback: pending pak file info (ChunkID:-1 Root:root:/ File:C:/Program Files/Epic Games/UE_4.27/FeaturePacks/TP_HandheldARBP.upack)
[2023.04.06-20.55.30:988][  0]LogPakFile: OnPakFileMounted2Time == 0.000023
[2023.04.06-20.55.30:992][  0]LogPakFile: PakFile PrimaryIndexSize=182
[2023.04.06-20.55.30:992][  0]LogPakFile: PakFile PathHashIndexSize=101
[2023.04.06-20.55.30:992][  0]LogPakFile: PakFile FullDirectoryIndexSize=138
[2023.04.06-20.55.30:992][  0]LogShaderLibrary: Display: ShaderCodeLibraryPakFileMountedCallback: PakFile 'C:/Program Files/Epic Games/UE_4.27/FeaturePacks/TP_Puzzle.upack' (chunk index -1, root 'root:/') mounted
[2023.04.06-20.55.30:992][  0]LogShaderLibrary: Display: ShaderCodeLibraryPakFileMountedCallback: pending pak file info (ChunkID:-1 Root:root:/ File:C:/Program Files/Epic Games/UE_4.27/FeaturePacks/TP_Puzzle.upack)
[2023.04.06-20.55.30:992][  0]LogPakFile: OnPakFileMounted2Time == 0.000023
[2023.04.06-20.55.30:993][  0]LogPakFile: PakFile PrimaryIndexSize=184
[2023.04.06-20.55.30:993][  0]LogPakFile: PakFile PathHashIndexSize=101
[2023.04.06-20.55.30:993][  0]LogPakFile: PakFile FullDirectoryIndexSize=142
[2023.04.06-20.55.30:993][  0]LogShaderLibrary: Display: ShaderCodeLibraryPakFileMountedCallback: PakFile 'C:/Program Files/Epic Games/UE_4.27/FeaturePacks/TP_PuzzleBP.upack' (chunk index -1, root 'root:/') mounted
[2023.04.06-20.55.30:993][  0]LogShaderLibrary: Display: ShaderCodeLibraryPakFileMountedCallback: pending pak file info (ChunkID:-1 Root:root:/ File:C:/Program Files/Epic Games/UE_4.27/FeaturePacks/TP_PuzzleBP.upack)
[2023.04.06-20.55.30:993][  0]LogPakFile: OnPakFileMounted2Time == 0.000023
[2023.04.06-20.55.30:994][  0]LogPakFile: PakFile PrimaryIndexSize=183
[2023.04.06-20.55.30:994][  0]LogPakFile: PakFile PathHashIndexSize=101
[2023.04.06-20.55.30:994][  0]LogPakFile: PakFile FullDirectoryIndexSize=140
[2023.04.06-20.55.30:994][  0]LogShaderLibrary: Display: ShaderCodeLibraryPakFileMountedCallback: PakFile 'C:/Program Files/Epic Games/UE_4.27/FeaturePacks/TP_Rolling.upack' (chunk index -1, root 'root:/') mounted
[2023.04.06-20.55.30:994][  0]LogShaderLibrary: Display: ShaderCodeLibraryPakFileMountedCallback: pending pak file info (ChunkID:-1 Root:root:/ File:C:/Program Files/Epic Games/UE_4.27/FeaturePacks/TP_Rolling.upack)
[2023.04.06-20.55.30:994][  0]LogPakFile: OnPakFileMounted2Time == 0.000023
[2023.04.06-20.55.30:995][  0]LogPakFile: PakFile PrimaryIndexSize=185
[2023.04.06-20.55.30:995][  0]LogPakFile: PakFile PathHashIndexSize=101
[2023.04.06-20.55.30:995][  0]LogPakFile: PakFile FullDirectoryIndexSize=144
[2023.04.06-20.55.30:995][  0]LogShaderLibrary: Display: ShaderCodeLibraryPakFileMountedCallback: PakFile 'C:/Program Files/Epic Games/UE_4.27/FeaturePacks/TP_RollingBP.upack' (chunk index -1, root 'root:/') mounted
[2023.04.06-20.55.30:995][  0]LogShaderLibrary: Display: ShaderCodeLibraryPakFileMountedCallback: pending pak file info (ChunkID:-1 Root:root:/ File:C:/Program Files/Epic Games/UE_4.27/FeaturePacks/TP_RollingBP.upack)
[2023.04.06-20.55.30:995][  0]LogPakFile: OnPakFileMounted2Time == 0.000025
[2023.04.06-20.55.30:997][  0]LogPakFile: PakFile PrimaryIndexSize=188
[2023.04.06-20.55.30:997][  0]LogPakFile: PakFile PathHashIndexSize=101
[2023.04.06-20.55.30:997][  0]LogPakFile: PakFile FullDirectoryIndexSize=150
[2023.04.06-20.55.30:997][  0]LogShaderLibrary: Display: ShaderCodeLibraryPakFileMountedCallback: PakFile 'C:/Program Files/Epic Games/UE_4.27/FeaturePacks/TP_SideScroller.upack' (chunk index -1, root 'root:/') mounted
[2023.04.06-20.55.30:997][  0]LogShaderLibrary: Display: ShaderCodeLibraryPakFileMountedCallback: pending pak file info (ChunkID:-1 Root:root:/ File:C:/Program Files/Epic Games/UE_4.27/FeaturePacks/TP_SideScroller.upack)
[2023.04.06-20.55.30:997][  0]LogPakFile: OnPakFileMounted2Time == 0.000030
[2023.04.06-20.55.30:998][  0]LogPakFile: PakFile PrimaryIndexSize=190
[2023.04.06-20.55.30:998][  0]LogPakFile: PakFile PathHashIndexSize=101
[2023.04.06-20.55.30:998][  0]LogPakFile: PakFile FullDirectoryIndexSize=154
[2023.04.06-20.55.30:998][  0]LogShaderLibrary: Display: ShaderCodeLibraryPakFileMountedCallback: PakFile 'C:/Program Files/Epic Games/UE_4.27/FeaturePacks/TP_SideScrollerBP.upack' (chunk index -1, root 'root:/') mounted
[2023.04.06-20.55.30:998][  0]LogShaderLibrary: Display: ShaderCodeLibraryPakFileMountedCallback: pending pak file info (ChunkID:-1 Root:root:/ File:C:/Program Files/Epic Games/UE_4.27/FeaturePacks/TP_SideScrollerBP.upack)
[2023.04.06-20.55.30:998][  0]LogPakFile: OnPakFileMounted2Time == 0.000023
[2023.04.06-20.55.30:999][  0]LogPakFile: PakFile PrimaryIndexSize=187
[2023.04.06-20.55.30:999][  0]LogPakFile: PakFile PathHashIndexSize=101
[2023.04.06-20.55.30:999][  0]LogPakFile: PakFile FullDirectoryIndexSize=148
[2023.04.06-20.55.30:999][  0]LogShaderLibrary: Display: ShaderCodeLibraryPakFileMountedCallback: PakFile 'C:/Program Files/Epic Games/UE_4.27/FeaturePacks/TP_ThirdPerson.upack' (chunk index -1, root 'root:/') mounted
[2023.04.06-20.55.30:999][  0]LogShaderLibrary: Display: ShaderCodeLibraryPakFileMountedCallback: pending pak file info (ChunkID:-1 Root:root:/ File:C:/Program Files/Epic Games/UE_4.27/FeaturePacks/TP_ThirdPerson.upack)
[2023.04.06-20.55.30:999][  0]LogPakFile: OnPakFileMounted2Time == 0.000023
[2023.04.06-20.55.31:001][  0]LogPakFile: PakFile PrimaryIndexSize=189
[2023.04.06-20.55.31:001][  0]LogPakFile: PakFile PathHashIndexSize=101
[2023.04.06-20.55.31:001][  0]LogPakFile: PakFile FullDirectoryIndexSize=152
[2023.04.06-20.55.31:001][  0]LogShaderLibrary: Display: ShaderCodeLibraryPakFileMountedCallback: PakFile 'C:/Program Files/Epic Games/UE_4.27/FeaturePacks/TP_ThirdPersonBP.upack' (chunk index -1, root 'root:/') mounted
[2023.04.06-20.55.31:001][  0]LogShaderLibrary: Display: ShaderCodeLibraryPakFileMountedCallback: pending pak file info (ChunkID:-1 Root:root:/ File:C:/Program Files/Epic Games/UE_4.27/FeaturePacks/TP_ThirdPersonBP.upack)
[2023.04.06-20.55.31:001][  0]LogPakFile: OnPakFileMounted2Time == 0.000022
[2023.04.06-20.55.31:002][  0]LogPakFile: PakFile PrimaryIndexSize=183
[2023.04.06-20.55.31:002][  0]LogPakFile: PakFile PathHashIndexSize=101
[2023.04.06-20.55.31:002][  0]LogPakFile: PakFile FullDirectoryIndexSize=140
[2023.04.06-20.55.31:002][  0]LogShaderLibrary: Display: ShaderCodeLibraryPakFileMountedCallback: PakFile 'C:/Program Files/Epic Games/UE_4.27/FeaturePacks/TP_TopDown.upack' (chunk index -1, root 'root:/') mounted
[2023.04.06-20.55.31:002][  0]LogShaderLibrary: Display: ShaderCodeLibraryPakFileMountedCallback: pending pak file info (ChunkID:-1 Root:root:/ File:C:/Program Files/Epic Games/UE_4.27/FeaturePacks/TP_TopDown.upack)
[2023.04.06-20.55.31:002][  0]LogPakFile: OnPakFileMounted2Time == 0.000028
[2023.04.06-20.55.31:004][  0]LogPakFile: PakFile PrimaryIndexSize=185
[2023.04.06-20.55.31:004][  0]LogPakFile: PakFile PathHashIndexSize=101
[2023.04.06-20.55.31:004][  0]LogPakFile: PakFile FullDirectoryIndexSize=144
[2023.04.06-20.55.31:004][  0]LogShaderLibrary: Display: ShaderCodeLibraryPakFileMountedCallback: PakFile 'C:/Program Files/Epic Games/UE_4.27/FeaturePacks/TP_TopDownBP.upack' (chunk index -1, root 'root:/') mounted
[2023.04.06-20.55.31:004][  0]LogShaderLibrary: Display: ShaderCodeLibraryPakFileMountedCallback: pending pak file info (ChunkID:-1 Root:root:/ File:C:/Program Files/Epic Games/UE_4.27/FeaturePacks/TP_TopDownBP.upack)
[2023.04.06-20.55.31:004][  0]LogPakFile: OnPakFileMounted2Time == 0.000023
[2023.04.06-20.55.31:005][  0]LogPakFile: PakFile PrimaryIndexSize=185
[2023.04.06-20.55.31:005][  0]LogPakFile: PakFile PathHashIndexSize=101
[2023.04.06-20.55.31:005][  0]LogPakFile: PakFile FullDirectoryIndexSize=144
[2023.04.06-20.55.31:005][  0]LogShaderLibrary: Display: ShaderCodeLibraryPakFileMountedCallback: PakFile 'C:/Program Files/Epic Games/UE_4.27/FeaturePacks/TP_TwinStick.upack' (chunk index -1, root 'root:/') mounted
[2023.04.06-20.55.31:005][  0]LogShaderLibrary: Display: ShaderCodeLibraryPakFileMountedCallback: pending pak file info (ChunkID:-1 Root:root:/ File:C:/Program Files/Epic Games/UE_4.27/FeaturePacks/TP_TwinStick.upack)
[2023.04.06-20.55.31:005][  0]LogPakFile: OnPakFileMounted2Time == 0.000022
[2023.04.06-20.55.31:006][  0]LogPakFile: PakFile PrimaryIndexSize=187
[2023.04.06-20.55.31:006][  0]LogPakFile: PakFile PathHashIndexSize=101
[2023.04.06-20.55.31:006][  0]LogPakFile: PakFile FullDirectoryIndexSize=148
[2023.04.06-20.55.31:006][  0]LogShaderLibrary: Display: ShaderCodeLibraryPakFileMountedCallback: PakFile 'C:/Program Files/Epic Games/UE_4.27/FeaturePacks/TP_TwinStickBP.upack' (chunk index -1, root 'root:/') mounted
[2023.04.06-20.55.31:006][  0]LogShaderLibrary: Display: ShaderCodeLibraryPakFileMountedCallback: pending pak file info (ChunkID:-1 Root:root:/ File:C:/Program Files/Epic Games/UE_4.27/FeaturePacks/TP_TwinStickBP.upack)
[2023.04.06-20.55.31:006][  0]LogPakFile: OnPakFileMounted2Time == 0.000022
[2023.04.06-20.55.31:007][  0]LogPakFile: PakFile PrimaryIndexSize=183
[2023.04.06-20.55.31:007][  0]LogPakFile: PakFile PathHashIndexSize=101
[2023.04.06-20.55.31:007][  0]LogPakFile: PakFile FullDirectoryIndexSize=140
[2023.04.06-20.55.31:007][  0]LogShaderLibrary: Display: ShaderCodeLibraryPakFileMountedCallback: PakFile 'C:/Program Files/Epic Games/UE_4.27/FeaturePacks/TP_Vehicle.upack' (chunk index -1, root 'root:/') mounted
[2023.04.06-20.55.31:007][  0]LogShaderLibrary: Display: ShaderCodeLibraryPakFileMountedCallback: pending pak file info (ChunkID:-1 Root:root:/ File:C:/Program Files/Epic Games/UE_4.27/FeaturePacks/TP_Vehicle.upack)
[2023.04.06-20.55.31:007][  0]LogPakFile: OnPakFileMounted2Time == 0.000022
[2023.04.06-20.55.31:009][  0]LogPakFile: PakFile PrimaryIndexSize=186
[2023.04.06-20.55.31:009][  0]LogPakFile: PakFile PathHashIndexSize=101
[2023.04.06-20.55.31:009][  0]LogPakFile: PakFile FullDirectoryIndexSize=146
[2023.04.06-20.55.31:009][  0]LogShaderLibrary: Display: ShaderCodeLibraryPakFileMountedCallback: PakFile 'C:/Program Files/Epic Games/UE_4.27/FeaturePacks/TP_VehicleAdv.upack' (chunk index -1, root 'root:/') mounted
[2023.04.06-20.55.31:009][  0]LogShaderLibrary: Display: ShaderCodeLibraryPakFileMountedCallback: pending pak file info (ChunkID:-1 Root:root:/ File:C:/Program Files/Epic Games/UE_4.27/FeaturePacks/TP_VehicleAdv.upack)
[2023.04.06-20.55.31:009][  0]LogPakFile: OnPakFileMounted2Time == 0.000023
[2023.04.06-20.55.31:012][  0]LogPakFile: PakFile PrimaryIndexSize=188
[2023.04.06-20.55.31:012][  0]LogPakFile: PakFile PathHashIndexSize=101
[2023.04.06-20.55.31:012][  0]LogPakFile: PakFile FullDirectoryIndexSize=150
[2023.04.06-20.55.31:012][  0]LogShaderLibrary: Display: ShaderCodeLibraryPakFileMountedCallback: PakFile 'C:/Program Files/Epic Games/UE_4.27/FeaturePacks/TP_VehicleAdvBP.upack' (chunk index -1, root 'root:/') mounted
[2023.04.06-20.55.31:012][  0]LogShaderLibrary: Display: ShaderCodeLibraryPakFileMountedCallback: pending pak file info (ChunkID:-1 Root:root:/ File:C:/Program Files/Epic Games/UE_4.27/FeaturePacks/TP_VehicleAdvBP.upack)
[2023.04.06-20.55.31:012][  0]LogPakFile: OnPakFileMounted2Time == 0.000034
[2023.04.06-20.55.31:013][  0]LogPakFile: PakFile PrimaryIndexSize=185
[2023.04.06-20.55.31:013][  0]LogPakFile: PakFile PathHashIndexSize=101
[2023.04.06-20.55.31:013][  0]LogPakFile: PakFile FullDirectoryIndexSize=144
[2023.04.06-20.55.31:013][  0]LogShaderLibrary: Display: ShaderCodeLibraryPakFileMountedCallback: PakFile 'C:/Program Files/Epic Games/UE_4.27/FeaturePacks/TP_VehicleBP.upack' (chunk index -1, root 'root:/') mounted
[2023.04.06-20.55.31:013][  0]LogShaderLibrary: Display: ShaderCodeLibraryPakFileMountedCallback: pending pak file info (ChunkID:-1 Root:root:/ File:C:/Program Files/Epic Games/UE_4.27/FeaturePacks/TP_VehicleBP.upack)
[2023.04.06-20.55.31:013][  0]LogPakFile: OnPakFileMounted2Time == 0.000024
[2023.04.06-20.55.31:015][  0]LogPakFile: PakFile PrimaryIndexSize=192
[2023.04.06-20.55.31:015][  0]LogPakFile: PakFile PathHashIndexSize=101
[2023.04.06-20.55.31:015][  0]LogPakFile: PakFile FullDirectoryIndexSize=158
[2023.04.06-20.55.31:015][  0]LogShaderLibrary: Display: ShaderCodeLibraryPakFileMountedCallback: PakFile 'C:/Program Files/Epic Games/UE_4.27/FeaturePacks/TP_VirtualRealityBP.upack' (chunk index -1, root 'root:/') mounted
[2023.04.06-20.55.31:015][  0]LogShaderLibrary: Display: ShaderCodeLibraryPakFileMountedCallback: pending pak file info (ChunkID:-1 Root:root:/ File:C:/Program Files/Epic Games/UE_4.27/FeaturePacks/TP_VirtualRealityBP.upack)
[2023.04.06-20.55.31:015][  0]LogPakFile: OnPakFileMounted2Time == 0.000023
[2023.04.06-20.55.31:164][  0]LogNativeClassHierarchy: Verbose: Native class hierarchy updated for 'AddContentDialog' in 0.0003 seconds. Added 0 classes and 0 folders.
[2023.04.06-20.55.31:244][  0]LogSlate: Took 0.000853 seconds to synchronously load lazily loaded font '../../../Engine/Content/Slate/Fonts/Roboto-Regular.ttf' (155K)
[2023.04.06-20.55.31:245][  0]LogSlate: Took 0.000684 seconds to synchronously load lazily loaded font '../../../Engine/Content/Editor/Slate/Fonts/FontAwesome.ttf' (139K)
[2023.04.06-20.55.31:247][  0]LogSlate: Took 0.000680 seconds to synchronously load lazily loaded font '../../../Engine/Content/Slate/Fonts/Roboto-Bold.ttf' (160K)
[2023.04.06-20.55.31:306][  0]LogRenderer: Reallocating scene render targets to support 1212x924 Format 9 NumSamples 1 (Frame:1).
[2023.04.06-20.55.31:408][  0]LogD3D12RHI: Creating RTPSO with 127 shaders (0 cached, 127 new) took 83.96 ms. Compile time 81.80 ms, link time 2.07 ms.
[2023.04.06-20.55.31:486][  0]LogD3D12RHI: Creating RT View Heap with 250000 entries
[2023.04.06-20.55.31:493][  0]LogD3D12RHI: Creating RT Sampler Heap with 2048 entries
[2023.04.06-20.55.31:549][  0]LogD3D12RHI: Creating RTPSO with 8 shaders (0 cached, 8 new) took 56.29 ms. Compile time 30.35 ms, link time 25.92 ms.
[2023.04.06-20.55.31:549][  0]LogD3D12RHI: Creating RT View Heap with 250000 entries
[2023.04.06-20.55.31:555][  0]LogD3D12RHI: Creating RT Sampler Heap with 2048 entries
[2023.04.06-20.55.31:563][  0]LogD3D12RHI: Creating RT View Heap with 250000 entries
[2023.04.06-20.55.31:569][  0]LogD3D12RHI: Creating RT Sampler Heap with 2048 entries
[2023.04.06-20.55.31:657][  0]LogNativeClassHierarchy: Verbose: Native class hierarchy updated for 'HierarchicalLODOutliner' in 0.0003 seconds. Added 0 classes and 0 folders.
[2023.04.06-20.55.31:657][  0]LogInput: Warning: Action Jump uses invalid key OculusGo_Left_Trigger_Click.
[2023.04.06-20.55.31:657][  0]LogInput: Warning: Action ResetVR uses invalid key OculusGo_Left_Trackpad_Click.
[2023.04.06-20.55.31:657][  0]LogInput: Warning: Use -RemoveInvalidKeys to remove instances of these keys from the action mapping.
[2023.04.06-20.55.31:657][  0]LogLoad: (Engine Initialization) Total time: 26.88 seconds
[2023.04.06-20.55.31:657][  0]LogLoad: (Engine Initialization) Total Blueprint compile time: 0.00 seconds
[2023.04.06-20.55.31:724][  0]LogContentStreaming: Texture pool size now 600 MB
[2023.04.06-20.55.31:744][  1]LogFileCache: Retrieving MD5 hashes for directory 'C:/Users/lebi8/Documents/GitHub/Studays/Content/' took 0.07s
[2023.04.06-20.55.31:829][  2]LogAssetRegistry: Asset discovery search completed in 13.1969 seconds
[2023.04.06-20.55.31:837][  2]LogCollectionManager: Fixed up redirectors for 0 collections in 0.000004 seconds (updated 0 objects)
[2023.04.06-20.55.32:143][  3]LogSlate: Took 0.001001 seconds to synchronously load lazily loaded font '../../../Engine/Content/Slate/Fonts/Roboto-Light.ttf' (167K)
[2023.04.06-20.55.36:262][ 26]LogD3D12RHI: Creating RT View Heap with 250000 entries
[2023.04.06-20.55.36:270][ 27]LogD3D12RHI: Creating RT Sampler Heap with 2048 entries
[2023.04.06-20.55.36:271][ 27]LogD3D12RHI: Creating RT View Heap with 250000 entries
[2023.04.06-20.55.36:278][ 27]LogD3D12RHI: Creating RT Sampler Heap with 2048 entries
[2023.04.06-20.55.36:279][ 27]LogD3D12RHI: Creating RT View Heap with 250000 entries
[2023.04.06-20.55.36:285][ 27]LogD3D12RHI: Creating RT Sampler Heap with 2048 entries
